<?xml version="1.0" encoding="UTF-8"?>
<testsuite name="com.mcgill.mymuseum.MyMuseumApplicationTests" tests="1" skipped="0" failures="0" errors="0" timestamp="2022-11-27T04:26:27" hostname="DESKTOP-DD9SDJD" time="0.183">
  <properties/>
  <testcase name="contextLoads()" classname="com.mcgill.mymuseum.MyMuseumApplicationTests" time="0.183"/>
  <system-out><![CDATA[23:26:21.207 [Test worker] DEBUG org.springframework.test.context.BootstrapUtils - Instantiating CacheAwareContextLoaderDelegate from class [org.springframework.test.context.cache.DefaultCacheAwareContextLoaderDelegate]
23:26:21.215 [Test worker] DEBUG org.springframework.test.context.BootstrapUtils - Instantiating BootstrapContext using constructor [public org.springframework.test.context.support.DefaultBootstrapContext(java.lang.Class,org.springframework.test.context.CacheAwareContextLoaderDelegate)]
23:26:21.253 [Test worker] DEBUG org.springframework.test.context.BootstrapUtils - Instantiating TestContextBootstrapper for test class [com.mcgill.mymuseum.MyMuseumApplicationTests] from class [org.springframework.boot.test.context.SpringBootTestContextBootstrapper]
23:26:21.262 [Test worker] INFO org.springframework.boot.test.context.SpringBootTestContextBootstrapper - Neither @ContextConfiguration nor @ContextHierarchy found for test class [com.mcgill.mymuseum.MyMuseumApplicationTests], using SpringBootContextLoader
23:26:21.266 [Test worker] DEBUG org.springframework.test.context.support.AbstractContextLoader - Did not detect default resource location for test class [com.mcgill.mymuseum.MyMuseumApplicationTests]: class path resource [com/mcgill/mymuseum/MyMuseumApplicationTests-context.xml] does not exist
23:26:21.266 [Test worker] DEBUG org.springframework.test.context.support.AbstractContextLoader - Did not detect default resource location for test class [com.mcgill.mymuseum.MyMuseumApplicationTests]: class path resource [com/mcgill/mymuseum/MyMuseumApplicationTestsContext.groovy] does not exist
23:26:21.267 [Test worker] INFO org.springframework.test.context.support.AbstractContextLoader - Could not detect default resource locations for test class [com.mcgill.mymuseum.MyMuseumApplicationTests]: no resource found for suffixes {-context.xml, Context.groovy}.
23:26:21.267 [Test worker] INFO org.springframework.test.context.support.AnnotationConfigContextLoaderUtils - Could not detect default configuration classes for test class [com.mcgill.mymuseum.MyMuseumApplicationTests]: MyMuseumApplicationTests does not declare any static, non-private, non-final, nested classes annotated with @Configuration.
23:26:21.299 [Test worker] DEBUG org.springframework.test.context.support.ActiveProfilesUtils - Could not find an 'annotation declaring class' for annotation type [org.springframework.test.context.ActiveProfiles] and class [com.mcgill.mymuseum.MyMuseumApplicationTests]
23:26:21.337 [Test worker] DEBUG org.springframework.context.annotation.ClassPathScanningCandidateComponentProvider - Identified candidate component class: file [C:\Users\Shady Guindi\IdeaProjects\project-group-16\build\classes\java\main\com\mcgill\mymuseum\MyMuseumApplication.class]
23:26:21.338 [Test worker] INFO org.springframework.boot.test.context.SpringBootTestContextBootstrapper - Found @SpringBootConfiguration com.mcgill.mymuseum.MyMuseumApplication for test class com.mcgill.mymuseum.MyMuseumApplicationTests
23:26:21.406 [Test worker] DEBUG org.springframework.boot.test.context.SpringBootTestContextBootstrapper - @TestExecutionListeners is not present for class [com.mcgill.mymuseum.MyMuseumApplicationTests]: using defaults.
23:26:21.407 [Test worker] INFO org.springframework.boot.test.context.SpringBootTestContextBootstrapper - Loaded default TestExecutionListener class names from location [META-INF/spring.factories]: [org.springframework.boot.test.autoconfigure.restdocs.RestDocsTestExecutionListener, org.springframework.boot.test.autoconfigure.web.client.MockRestServiceServerResetTestExecutionListener, org.springframework.boot.test.autoconfigure.web.servlet.MockMvcPrintOnlyOnFailureTestExecutionListener, org.springframework.boot.test.autoconfigure.web.servlet.WebDriverTestExecutionListener, org.springframework.boot.test.autoconfigure.webservices.client.MockWebServiceServerTestExecutionListener, org.springframework.boot.test.mock.mockito.MockitoTestExecutionListener, org.springframework.boot.test.mock.mockito.ResetMocksTestExecutionListener, org.springframework.test.context.web.ServletTestExecutionListener, org.springframework.test.context.support.DirtiesContextBeforeModesTestExecutionListener, org.springframework.test.context.event.ApplicationEventsTestExecutionListener, org.springframework.test.context.support.DependencyInjectionTestExecutionListener, org.springframework.test.context.support.DirtiesContextTestExecutionListener, org.springframework.test.context.transaction.TransactionalTestExecutionListener, org.springframework.test.context.jdbc.SqlScriptsTestExecutionListener, org.springframework.test.context.event.EventPublishingTestExecutionListener]
23:26:21.416 [Test worker] INFO org.springframework.boot.test.context.SpringBootTestContextBootstrapper - Using TestExecutionListeners: [org.springframework.test.context.web.ServletTestExecutionListener@71c5b236, org.springframework.test.context.support.DirtiesContextBeforeModesTestExecutionListener@2cab9998, org.springframework.test.context.event.ApplicationEventsTestExecutionListener@2f7a7219, org.springframework.boot.test.mock.mockito.MockitoTestExecutionListener@669513d8, org.springframework.boot.test.autoconfigure.SpringBootDependencyInjectionTestExecutionListener@3a1d593e, org.springframework.test.context.support.DirtiesContextTestExecutionListener@4a8a60bc, org.springframework.test.context.transaction.TransactionalTestExecutionListener@361c294e, org.springframework.test.context.jdbc.SqlScriptsTestExecutionListener@7859e786, org.springframework.test.context.event.EventPublishingTestExecutionListener@285d851a, org.springframework.boot.test.autoconfigure.restdocs.RestDocsTestExecutionListener@314b8f2d, org.springframework.boot.test.autoconfigure.web.client.MockRestServiceServerResetTestExecutionListener@664a9613, org.springframework.boot.test.autoconfigure.web.servlet.MockMvcPrintOnlyOnFailureTestExecutionListener@5118388b, org.springframework.boot.test.autoconfigure.web.servlet.WebDriverTestExecutionListener@15a902e7, org.springframework.boot.test.autoconfigure.webservices.client.MockWebServiceServerTestExecutionListener@7876d598, org.springframework.boot.test.mock.mockito.ResetMocksTestExecutionListener@4a3e3e8b]
23:26:21.422 [Test worker] DEBUG org.springframework.test.context.support.AbstractDirtiesContextTestExecutionListener - Before test class: context [DefaultTestContext@209775a9 testClass = MyMuseumApplicationTests, testInstance = [null], testMethod = [null], testException = [null], mergedContextConfiguration = [WebMergedContextConfiguration@18e7143f testClass = MyMuseumApplicationTests, locations = '{}', classes = '{class com.mcgill.mymuseum.MyMuseumApplication}', contextInitializerClasses = '[]', activeProfiles = '{}', propertySourceLocations = '{}', propertySourceProperties = '{org.springframework.boot.test.context.SpringBootTestContextBootstrapper=true}', contextCustomizers = set[org.springframework.boot.test.autoconfigure.actuate.metrics.MetricsExportContextCustomizerFactory$DisableMetricExportContextCustomizer@55dfcc6, org.springframework.boot.test.autoconfigure.properties.PropertyMappingContextCustomizer@0, org.springframework.boot.test.autoconfigure.web.servlet.WebDriverContextCustomizerFactory$Customizer@3ed242a4, org.springframework.boot.test.context.filter.ExcludeFilterContextCustomizer@73a2e526, org.springframework.boot.test.json.DuplicateJsonObjectContextCustomizerFactory$DuplicateJsonObjectContextCustomizer@32193bea, org.springframework.boot.test.mock.mockito.MockitoContextCustomizer@0, org.springframework.boot.test.web.client.TestRestTemplateContextCustomizer@1e8ce150, org.springframework.boot.test.context.SpringBootTestArgs@1, org.springframework.boot.test.context.SpringBootTestWebEnvironment@14555e0a], resourceBasePath = 'src/main/webapp', contextLoader = 'org.springframework.boot.test.context.SpringBootContextLoader', parent = [null]], attributes = map['org.springframework.test.context.web.ServletTestExecutionListener.activateListener' -> true]], class annotated with @DirtiesContext [false] with mode [null].

  .   ____          _            __ _ _
 /\\ / ___'_ __ _ _(_)_ __  __ _ \ \ \ \
( ( )\___ | '_ | '_| | '_ \/ _` | \ \ \ \
 \\/  ___)| |_)| | | | | || (_| |  ) ) ) )
  '  |____| .__|_| |_|_| |_\__, | / / / /
 =========|_|==============|___/=/_/_/_/
 :: Spring Boot ::                (v2.7.5)

2022-11-26 23:26:21.631  INFO 24424 --- [    Test worker] c.m.mymuseum.MyMuseumApplicationTests    : Starting MyMuseumApplicationTests using Java 17.0.5 on DESKTOP-DD9SDJD with PID 24424 (started by Shady Guindi in C:\Users\Shady Guindi\IdeaProjects\project-group-16)
2022-11-26 23:26:21.633  INFO 24424 --- [    Test worker] c.m.mymuseum.MyMuseumApplicationTests    : No active profile set, falling back to 1 default profile: "default"
2022-11-26 23:26:22.151  INFO 24424 --- [    Test worker] .s.d.r.c.RepositoryConfigurationDelegate : Bootstrapping Spring Data JPA repositories in DEFAULT mode.
2022-11-26 23:26:22.251  INFO 24424 --- [    Test worker] .s.d.r.c.RepositoryConfigurationDelegate : Finished Spring Data repository scanning in 88 ms. Found 8 JPA repository interfaces.
2022-11-26 23:26:23.246  INFO 24424 --- [    Test worker] o.hibernate.jpa.internal.util.LogHelper  : HHH000204: Processing PersistenceUnitInfo [name: default]
2022-11-26 23:26:23.289  INFO 24424 --- [    Test worker] org.hibernate.Version                    : HHH000412: Hibernate ORM core version 5.6.12.Final
2022-11-26 23:26:23.414  INFO 24424 --- [    Test worker] o.hibernate.annotations.common.Version   : HCANN000001: Hibernate Commons Annotations {5.1.2.Final}
2022-11-26 23:26:23.596  INFO 24424 --- [    Test worker] com.zaxxer.hikari.HikariDataSource       : HikariPool-1 - Starting...
2022-11-26 23:26:24.121  INFO 24424 --- [    Test worker] com.zaxxer.hikari.HikariDataSource       : HikariPool-1 - Start completed.
2022-11-26 23:26:24.161  INFO 24424 --- [    Test worker] org.hibernate.dialect.Dialect            : HHH000400: Using dialect: org.hibernate.dialect.PostgreSQL10Dialect
2022-11-26 23:26:25.652  INFO 24424 --- [    Test worker] o.h.e.t.j.p.i.JtaPlatformInitiator       : HHH000490: Using JtaPlatform implementation: [org.hibernate.engine.transaction.jta.platform.internal.NoJtaPlatform]
2022-11-26 23:26:25.662  INFO 24424 --- [    Test worker] j.LocalContainerEntityManagerFactoryBean : Initialized JPA EntityManagerFactory for persistence unit 'default'
2022-11-26 23:26:26.628  WARN 24424 --- [    Test worker] JpaBaseConfiguration$JpaWebConfiguration : spring.jpa.open-in-view is enabled by default. Therefore, database queries may be performed during view rendering. Explicitly configure spring.jpa.open-in-view to disable this warning
2022-11-26 23:26:27.448  INFO 24424 --- [    Test worker] c.m.mymuseum.MyMuseumApplicationTests    : Started MyMuseumApplicationTests in 5.994 seconds (JVM running for 8.361)
]]></system-out>
  <system-err><![CDATA[]]></system-err>
</testsuite>
