<?xml version="1.0" encoding="UTF-8"?>
<testsuite name="test save work day" tests="2" skipped="0" failures="0" errors="0" timestamp="2022-11-27T04:26:29" hostname="DESKTOP-DD9SDJD" time="0.012">
  <properties/>
  <testcase name="workDayExists()" classname="com.mcgill.mymuseum.service.EmployeeServiceTestSchedule$saveWorkDay" time="0.01"/>
  <testcase name="workDayIsNull()" classname="com.mcgill.mymuseum.service.EmployeeServiceTestSchedule$saveWorkDay" time="0.001"/>
  <system-out><![CDATA[]]></system-out>
  <system-err><![CDATA[]]></system-err>
</testsuite>
