<?xml version="1.0" encoding="UTF-8"?>
<testsuite name="com.mcgill.mymuseum.repository.MyMuseumRepositoryTest" tests="1" skipped="0" failures="0" errors="0" timestamp="2022-11-27T04:26:29" hostname="DESKTOP-DD9SDJD" time="0.073">
  <properties/>
  <testcase name="testPersistAndLoadMyMuseum()" classname="com.mcgill.mymuseum.repository.MyMuseumRepositoryTest" time="0.073"/>
  <system-out><![CDATA[2022-11-26 23:26:29.295  INFO 24424 --- [    Test worker] .b.t.c.SpringBootTestContextBootstrapper : Neither @ContextConfiguration nor @ContextHierarchy found for test class [com.mcgill.mymuseum.repository.MyMuseumRepositoryTest], using SpringBootContextLoader
2022-11-26 23:26:29.295  INFO 24424 --- [    Test worker] o.s.t.c.support.AbstractContextLoader    : Could not detect default resource locations for test class [com.mcgill.mymuseum.repository.MyMuseumRepositoryTest]: no resource found for suffixes {-context.xml, Context.groovy}.
2022-11-26 23:26:29.295  INFO 24424 --- [    Test worker] t.c.s.AnnotationConfigContextLoaderUtils : Could not detect default configuration classes for test class [com.mcgill.mymuseum.repository.MyMuseumRepositoryTest]: MyMuseumRepositoryTest does not declare any static, non-private, non-final, nested classes annotated with @Configuration.
2022-11-26 23:26:29.296  INFO 24424 --- [    Test worker] .b.t.c.SpringBootTestContextBootstrapper : Found @SpringBootConfiguration com.mcgill.mymuseum.MyMuseumApplication for test class com.mcgill.mymuseum.repository.MyMuseumRepositoryTest
2022-11-26 23:26:29.296  INFO 24424 --- [    Test worker] .b.t.c.SpringBootTestContextBootstrapper : Loaded default TestExecutionListener class names from location [META-INF/spring.factories]: [org.springframework.boot.test.autoconfigure.restdocs.RestDocsTestExecutionListener, org.springframework.boot.test.autoconfigure.web.client.MockRestServiceServerResetTestExecutionListener, org.springframework.boot.test.autoconfigure.web.servlet.MockMvcPrintOnlyOnFailureTestExecutionListener, org.springframework.boot.test.autoconfigure.web.servlet.WebDriverTestExecutionListener, org.springframework.boot.test.autoconfigure.webservices.client.MockWebServiceServerTestExecutionListener, org.springframework.boot.test.mock.mockito.MockitoTestExecutionListener, org.springframework.boot.test.mock.mockito.ResetMocksTestExecutionListener, org.springframework.test.context.web.ServletTestExecutionListener, org.springframework.test.context.support.DirtiesContextBeforeModesTestExecutionListener, org.springframework.test.context.event.ApplicationEventsTestExecutionListener, org.springframework.test.context.support.DependencyInjectionTestExecutionListener, org.springframework.test.context.support.DirtiesContextTestExecutionListener, org.springframework.test.context.transaction.TransactionalTestExecutionListener, org.springframework.test.context.jdbc.SqlScriptsTestExecutionListener, org.springframework.test.context.event.EventPublishingTestExecutionListener]
2022-11-26 23:26:29.296  INFO 24424 --- [    Test worker] .b.t.c.SpringBootTestContextBootstrapper : Using TestExecutionListeners: [org.springframework.test.context.web.ServletTestExecutionListener@2ce7d43, org.springframework.test.context.support.DirtiesContextBeforeModesTestExecutionListener@30fba306, org.springframework.test.context.event.ApplicationEventsTestExecutionListener@1ca55d5, org.springframework.boot.test.mock.mockito.MockitoTestExecutionListener@16576a6, org.springframework.boot.test.autoconfigure.SpringBootDependencyInjectionTestExecutionListener@70b037ac, org.springframework.test.context.support.DirtiesContextTestExecutionListener@1dbe592f, org.springframework.test.context.transaction.TransactionalTestExecutionListener@4e09c3b0, org.springframework.test.context.jdbc.SqlScriptsTestExecutionListener@64f34c91, org.springframework.test.context.event.EventPublishingTestExecutionListener@158f0af4, org.springframework.boot.test.autoconfigure.restdocs.RestDocsTestExecutionListener@7a174e4b, org.springframework.boot.test.autoconfigure.web.client.MockRestServiceServerResetTestExecutionListener@7a8316fa, org.springframework.boot.test.autoconfigure.web.servlet.MockMvcPrintOnlyOnFailureTestExecutionListener@46a5aff, org.springframework.boot.test.autoconfigure.web.servlet.WebDriverTestExecutionListener@695f382c, org.springframework.boot.test.autoconfigure.webservices.client.MockWebServiceServerTestExecutionListener@29fa465a, org.springframework.boot.test.mock.mockito.ResetMocksTestExecutionListener@4b2ca159]
Hibernate: select nextval ('hibernate_sequence')
Hibernate: insert into account (email, first_name, last_name, password, hourly_wage, my_museum_museum_id, over_time_hourly_wage, dtype, account_id) values (?, ?, ?, ?, ?, ?, ?, 'President', ?)
Hibernate: select nextval ('hibernate_sequence')
Hibernate: insert into room (name, my_museum_museum_id, dtype, room_id) values (?, ?, 'StorageRoom', ?)
Hibernate: select nextval ('hibernate_sequence')
Hibernate: insert into my_museum (address, price_per_pass, museum_id) values (?, ?, ?)
Hibernate: select mymuseum0_.museum_id as museum_i1_4_0_, mymuseum0_.address as address2_4_0_, mymuseum0_.price_per_pass as price_pe3_4_0_, president1_.account_id as account_2_0_1_, president1_.email as email3_0_1_, president1_.first_name as first_na4_0_1_, president1_.last_name as last_nam5_0_1_, president1_.password as password6_0_1_, president1_.hourly_wage as hourly_w7_0_1_, president1_.my_museum_museum_id as my_museu9_0_1_, president1_.over_time_hourly_wage as over_tim8_0_1_, storageroo2_.room_id as room_id2_5_2_, storageroo2_.name as name3_5_2_, storageroo2_.my_museum_museum_id as my_museu5_5_2_, artifacts3_.room_room_id as room_roo6_1_3_, artifacts3_.artifact_id as artifact1_1_3_, artifacts3_.artifact_id as artifact1_1_4_, artifacts3_.description as descript2_1_4_, artifacts3_.my_museum_museum_id as my_museu5_1_4_, artifacts3_.name as name3_1_4_, artifacts3_.room_room_id as room_roo6_1_4_, artifacts3_.url as url4_1_4_, mymuseum4_.museum_id as museum_i1_4_5_, mymuseum4_.address as address2_4_5_, mymuseum4_.price_per_pass as price_pe3_4_5_, loan5_.loan_id as loan_id1_2_6_, loan5_.artifact_artifact_id as artifact5_2_6_, loan5_.end_date as end_date2_2_6_, loan5_.loan_status as loan_sta3_2_6_, loan5_.loanee_account_id as loanee_a6_2_6_, loan5_.my_museum_museum_id as my_museu7_2_6_, loan5_.start_date as start_da4_2_6_, visitor6_.account_id as account_2_0_7_, visitor6_.email as email3_0_7_, visitor6_.first_name as first_na4_0_7_, visitor6_.last_name as last_nam5_0_7_, visitor6_.password as password6_0_7_, visitor6_.my_museum_museum_id as my_museu9_0_7_, mymuseum7_.museum_id as museum_i1_4_8_, mymuseum7_.address as address2_4_8_, mymuseum7_.price_per_pass as price_pe3_4_8_ from my_museum mymuseum0_ left outer join account president1_ on mymuseum0_.museum_id=president1_.my_museum_museum_id and president1_.dtype='President' left outer join room storageroo2_ on mymuseum0_.museum_id=storageroo2_.my_museum_museum_id and storageroo2_.dtype='StorageRoom' left outer join artifact artifacts3_ on storageroo2_.room_id=artifacts3_.room_room_id left outer join my_museum mymuseum4_ on artifacts3_.my_museum_museum_id=mymuseum4_.museum_id left outer join loan loan5_ on artifacts3_.artifact_id=loan5_.artifact_artifact_id left outer join account visitor6_ on loan5_.loanee_account_id=visitor6_.account_id left outer join my_museum mymuseum7_ on loan5_.my_museum_museum_id=mymuseum7_.museum_id where mymuseum0_.museum_id=?
Hibernate: select account0_.account_id as account_2_0_, account0_.email as email3_0_, account0_.first_name as first_na4_0_, account0_.last_name as last_nam5_0_, account0_.password as password6_0_, account0_.hourly_wage as hourly_w7_0_, account0_.my_museum_museum_id as my_museu9_0_, account0_.over_time_hourly_wage as over_tim8_0_, account0_.dtype as dtype1_0_ from account account0_
Hibernate: delete from account where account_id=?
Hibernate: delete from account where account_id=?
Hibernate: select room0_.room_id as room_id2_5_, room0_.name as name3_5_, room0_.my_museum_museum_id as my_museu5_5_, room0_.room_capacity as room_cap4_5_, room0_.dtype as dtype1_5_ from room room0_
Hibernate: select artifacts0_.room_room_id as room_roo6_1_0_, artifacts0_.artifact_id as artifact1_1_0_, artifacts0_.artifact_id as artifact1_1_1_, artifacts0_.description as descript2_1_1_, artifacts0_.my_museum_museum_id as my_museu5_1_1_, artifacts0_.name as name3_1_1_, artifacts0_.room_room_id as room_roo6_1_1_, artifacts0_.url as url4_1_1_, mymuseum1_.museum_id as museum_i1_4_2_, mymuseum1_.address as address2_4_2_, mymuseum1_.price_per_pass as price_pe3_4_2_, president2_.account_id as account_2_0_3_, president2_.email as email3_0_3_, president2_.first_name as first_na4_0_3_, president2_.last_name as last_nam5_0_3_, president2_.password as password6_0_3_, president2_.hourly_wage as hourly_w7_0_3_, president2_.my_museum_museum_id as my_museu9_0_3_, president2_.over_time_hourly_wage as over_tim8_0_3_, storageroo3_.room_id as room_id2_5_4_, storageroo3_.name as name3_5_4_, storageroo3_.my_museum_museum_id as my_museu5_5_4_, loan4_.loan_id as loan_id1_2_5_, loan4_.artifact_artifact_id as artifact5_2_5_, loan4_.end_date as end_date2_2_5_, loan4_.loan_status as loan_sta3_2_5_, loan4_.loanee_account_id as loanee_a6_2_5_, loan4_.my_museum_museum_id as my_museu7_2_5_, loan4_.start_date as start_da4_2_5_, visitor5_.account_id as account_2_0_6_, visitor5_.email as email3_0_6_, visitor5_.first_name as first_na4_0_6_, visitor5_.last_name as last_nam5_0_6_, visitor5_.password as password6_0_6_, visitor5_.my_museum_museum_id as my_museu9_0_6_, mymuseum6_.museum_id as museum_i1_4_7_, mymuseum6_.address as address2_4_7_, mymuseum6_.price_per_pass as price_pe3_4_7_ from artifact artifacts0_ left outer join my_museum mymuseum1_ on artifacts0_.my_museum_museum_id=mymuseum1_.museum_id left outer join account president2_ on mymuseum1_.museum_id=president2_.my_museum_museum_id and president2_.dtype='President' left outer join room storageroo3_ on mymuseum1_.museum_id=storageroo3_.my_museum_museum_id and storageroo3_.dtype='StorageRoom' left outer join loan loan4_ on artifacts0_.artifact_id=loan4_.artifact_artifact_id left outer join account visitor5_ on loan4_.loanee_account_id=visitor5_.account_id left outer join my_museum mymuseum6_ on loan4_.my_museum_museum_id=mymuseum6_.museum_id where artifacts0_.room_room_id=?
Hibernate: delete from room where room_id=?
Hibernate: select mymuseum0_.museum_id as museum_i1_4_, mymuseum0_.address as address2_4_, mymuseum0_.price_per_pass as price_pe3_4_ from my_museum mymuseum0_
Hibernate: select president0_.account_id as account_2_0_7_, president0_.email as email3_0_7_, president0_.first_name as first_na4_0_7_, president0_.last_name as last_nam5_0_7_, president0_.password as password6_0_7_, president0_.hourly_wage as hourly_w7_0_7_, president0_.my_museum_museum_id as my_museu9_0_7_, president0_.over_time_hourly_wage as over_tim8_0_7_, mymuseum1_.museum_id as museum_i1_4_0_, mymuseum1_.address as address2_4_0_, mymuseum1_.price_per_pass as price_pe3_4_0_, storageroo2_.room_id as room_id2_5_1_, storageroo2_.name as name3_5_1_, storageroo2_.my_museum_museum_id as my_museu5_5_1_, artifacts3_.room_room_id as room_roo6_1_9_, artifacts3_.artifact_id as artifact1_1_9_, artifacts3_.artifact_id as artifact1_1_2_, artifacts3_.description as descript2_1_2_, artifacts3_.my_museum_museum_id as my_museu5_1_2_, artifacts3_.name as name3_1_2_, artifacts3_.room_room_id as room_roo6_1_2_, artifacts3_.url as url4_1_2_, mymuseum4_.museum_id as museum_i1_4_3_, mymuseum4_.address as address2_4_3_, mymuseum4_.price_per_pass as price_pe3_4_3_, loan5_.loan_id as loan_id1_2_4_, loan5_.artifact_artifact_id as artifact5_2_4_, loan5_.end_date as end_date2_2_4_, loan5_.loan_status as loan_sta3_2_4_, loan5_.loanee_account_id as loanee_a6_2_4_, loan5_.my_museum_museum_id as my_museu7_2_4_, loan5_.start_date as start_da4_2_4_, visitor6_.account_id as account_2_0_5_, visitor6_.email as email3_0_5_, visitor6_.first_name as first_na4_0_5_, visitor6_.last_name as last_nam5_0_5_, visitor6_.password as password6_0_5_, visitor6_.my_museum_museum_id as my_museu9_0_5_, mymuseum7_.museum_id as museum_i1_4_6_, mymuseum7_.address as address2_4_6_, mymuseum7_.price_per_pass as price_pe3_4_6_ from account president0_ left outer join my_museum mymuseum1_ on president0_.my_museum_museum_id=mymuseum1_.museum_id left outer join room storageroo2_ on mymuseum1_.museum_id=storageroo2_.my_museum_museum_id and storageroo2_.dtype='StorageRoom' left outer join artifact artifacts3_ on storageroo2_.room_id=artifacts3_.room_room_id left outer join my_museum mymuseum4_ on artifacts3_.my_museum_museum_id=mymuseum4_.museum_id left outer join loan loan5_ on artifacts3_.artifact_id=loan5_.artifact_artifact_id left outer join account visitor6_ on loan5_.loanee_account_id=visitor6_.account_id left outer join my_museum mymuseum7_ on loan5_.my_museum_museum_id=mymuseum7_.museum_id where president0_.my_museum_museum_id=? and president0_.dtype='President'
Hibernate: select storageroo0_.room_id as room_id2_5_7_, storageroo0_.name as name3_5_7_, storageroo0_.my_museum_museum_id as my_museu5_5_7_, artifacts1_.room_room_id as room_roo6_1_9_, artifacts1_.artifact_id as artifact1_1_9_, artifacts1_.artifact_id as artifact1_1_0_, artifacts1_.description as descript2_1_0_, artifacts1_.my_museum_museum_id as my_museu5_1_0_, artifacts1_.name as name3_1_0_, artifacts1_.room_room_id as room_roo6_1_0_, artifacts1_.url as url4_1_0_, mymuseum2_.museum_id as museum_i1_4_1_, mymuseum2_.address as address2_4_1_, mymuseum2_.price_per_pass as price_pe3_4_1_, president3_.account_id as account_2_0_2_, president3_.email as email3_0_2_, president3_.first_name as first_na4_0_2_, president3_.last_name as last_nam5_0_2_, president3_.password as password6_0_2_, president3_.hourly_wage as hourly_w7_0_2_, president3_.my_museum_museum_id as my_museu9_0_2_, president3_.over_time_hourly_wage as over_tim8_0_2_, storageroo4_.room_id as room_id2_5_3_, storageroo4_.name as name3_5_3_, storageroo4_.my_museum_museum_id as my_museu5_5_3_, loan5_.loan_id as loan_id1_2_4_, loan5_.artifact_artifact_id as artifact5_2_4_, loan5_.end_date as end_date2_2_4_, loan5_.loan_status as loan_sta3_2_4_, loan5_.loanee_account_id as loanee_a6_2_4_, loan5_.my_museum_museum_id as my_museu7_2_4_, loan5_.start_date as start_da4_2_4_, visitor6_.account_id as account_2_0_5_, visitor6_.email as email3_0_5_, visitor6_.first_name as first_na4_0_5_, visitor6_.last_name as last_nam5_0_5_, visitor6_.password as password6_0_5_, visitor6_.my_museum_museum_id as my_museu9_0_5_, mymuseum7_.museum_id as museum_i1_4_6_, mymuseum7_.address as address2_4_6_, mymuseum7_.price_per_pass as price_pe3_4_6_ from room storageroo0_ left outer join artifact artifacts1_ on storageroo0_.room_id=artifacts1_.room_room_id left outer join my_museum mymuseum2_ on artifacts1_.my_museum_museum_id=mymuseum2_.museum_id left outer join account president3_ on mymuseum2_.museum_id=president3_.my_museum_museum_id and president3_.dtype='President' left outer join room storageroo4_ on mymuseum2_.museum_id=storageroo4_.my_museum_museum_id and storageroo4_.dtype='StorageRoom' left outer join loan loan5_ on artifacts1_.artifact_id=loan5_.artifact_artifact_id left outer join account visitor6_ on loan5_.loanee_account_id=visitor6_.account_id left outer join my_museum mymuseum7_ on loan5_.my_museum_museum_id=mymuseum7_.museum_id where storageroo0_.my_museum_museum_id=? and storageroo0_.dtype='StorageRoom'
Hibernate: select president0_.account_id as account_2_0_7_, president0_.email as email3_0_7_, president0_.first_name as first_na4_0_7_, president0_.last_name as last_nam5_0_7_, president0_.password as password6_0_7_, president0_.hourly_wage as hourly_w7_0_7_, president0_.my_museum_museum_id as my_museu9_0_7_, president0_.over_time_hourly_wage as over_tim8_0_7_, mymuseum1_.museum_id as museum_i1_4_0_, mymuseum1_.address as address2_4_0_, mymuseum1_.price_per_pass as price_pe3_4_0_, storageroo2_.room_id as room_id2_5_1_, storageroo2_.name as name3_5_1_, storageroo2_.my_museum_museum_id as my_museu5_5_1_, artifacts3_.room_room_id as room_roo6_1_9_, artifacts3_.artifact_id as artifact1_1_9_, artifacts3_.artifact_id as artifact1_1_2_, artifacts3_.description as descript2_1_2_, artifacts3_.my_museum_museum_id as my_museu5_1_2_, artifacts3_.name as name3_1_2_, artifacts3_.room_room_id as room_roo6_1_2_, artifacts3_.url as url4_1_2_, mymuseum4_.museum_id as museum_i1_4_3_, mymuseum4_.address as address2_4_3_, mymuseum4_.price_per_pass as price_pe3_4_3_, loan5_.loan_id as loan_id1_2_4_, loan5_.artifact_artifact_id as artifact5_2_4_, loan5_.end_date as end_date2_2_4_, loan5_.loan_status as loan_sta3_2_4_, loan5_.loanee_account_id as loanee_a6_2_4_, loan5_.my_museum_museum_id as my_museu7_2_4_, loan5_.start_date as start_da4_2_4_, visitor6_.account_id as account_2_0_5_, visitor6_.email as email3_0_5_, visitor6_.first_name as first_na4_0_5_, visitor6_.last_name as last_nam5_0_5_, visitor6_.password as password6_0_5_, visitor6_.my_museum_museum_id as my_museu9_0_5_, mymuseum7_.museum_id as museum_i1_4_6_, mymuseum7_.address as address2_4_6_, mymuseum7_.price_per_pass as price_pe3_4_6_ from account president0_ left outer join my_museum mymuseum1_ on president0_.my_museum_museum_id=mymuseum1_.museum_id left outer join room storageroo2_ on mymuseum1_.museum_id=storageroo2_.my_museum_museum_id and storageroo2_.dtype='StorageRoom' left outer join artifact artifacts3_ on storageroo2_.room_id=artifacts3_.room_room_id left outer join my_museum mymuseum4_ on artifacts3_.my_museum_museum_id=mymuseum4_.museum_id left outer join loan loan5_ on artifacts3_.artifact_id=loan5_.artifact_artifact_id left outer join account visitor6_ on loan5_.loanee_account_id=visitor6_.account_id left outer join my_museum mymuseum7_ on loan5_.my_museum_museum_id=mymuseum7_.museum_id where president0_.my_museum_museum_id=? and president0_.dtype='President'
Hibernate: select storageroo0_.room_id as room_id2_5_7_, storageroo0_.name as name3_5_7_, storageroo0_.my_museum_museum_id as my_museu5_5_7_, artifacts1_.room_room_id as room_roo6_1_9_, artifacts1_.artifact_id as artifact1_1_9_, artifacts1_.artifact_id as artifact1_1_0_, artifacts1_.description as descript2_1_0_, artifacts1_.my_museum_museum_id as my_museu5_1_0_, artifacts1_.name as name3_1_0_, artifacts1_.room_room_id as room_roo6_1_0_, artifacts1_.url as url4_1_0_, mymuseum2_.museum_id as museum_i1_4_1_, mymuseum2_.address as address2_4_1_, mymuseum2_.price_per_pass as price_pe3_4_1_, president3_.account_id as account_2_0_2_, president3_.email as email3_0_2_, president3_.first_name as first_na4_0_2_, president3_.last_name as last_nam5_0_2_, president3_.password as password6_0_2_, president3_.hourly_wage as hourly_w7_0_2_, president3_.my_museum_museum_id as my_museu9_0_2_, president3_.over_time_hourly_wage as over_tim8_0_2_, storageroo4_.room_id as room_id2_5_3_, storageroo4_.name as name3_5_3_, storageroo4_.my_museum_museum_id as my_museu5_5_3_, loan5_.loan_id as loan_id1_2_4_, loan5_.artifact_artifact_id as artifact5_2_4_, loan5_.end_date as end_date2_2_4_, loan5_.loan_status as loan_sta3_2_4_, loan5_.loanee_account_id as loanee_a6_2_4_, loan5_.my_museum_museum_id as my_museu7_2_4_, loan5_.start_date as start_da4_2_4_, visitor6_.account_id as account_2_0_5_, visitor6_.email as email3_0_5_, visitor6_.first_name as first_na4_0_5_, visitor6_.last_name as last_nam5_0_5_, visitor6_.password as password6_0_5_, visitor6_.my_museum_museum_id as my_museu9_0_5_, mymuseum7_.museum_id as museum_i1_4_6_, mymuseum7_.address as address2_4_6_, mymuseum7_.price_per_pass as price_pe3_4_6_ from room storageroo0_ left outer join artifact artifacts1_ on storageroo0_.room_id=artifacts1_.room_room_id left outer join my_museum mymuseum2_ on artifacts1_.my_museum_museum_id=mymuseum2_.museum_id left outer join account president3_ on mymuseum2_.museum_id=president3_.my_museum_museum_id and president3_.dtype='President' left outer join room storageroo4_ on mymuseum2_.museum_id=storageroo4_.my_museum_museum_id and storageroo4_.dtype='StorageRoom' left outer join loan loan5_ on artifacts1_.artifact_id=loan5_.artifact_artifact_id left outer join account visitor6_ on loan5_.loanee_account_id=visitor6_.account_id left outer join my_museum mymuseum7_ on loan5_.my_museum_museum_id=mymuseum7_.museum_id where storageroo0_.my_museum_museum_id=? and storageroo0_.dtype='StorageRoom'
Hibernate: select president0_.account_id as account_2_0_7_, president0_.email as email3_0_7_, president0_.first_name as first_na4_0_7_, president0_.last_name as last_nam5_0_7_, president0_.password as password6_0_7_, president0_.hourly_wage as hourly_w7_0_7_, president0_.my_museum_museum_id as my_museu9_0_7_, president0_.over_time_hourly_wage as over_tim8_0_7_, mymuseum1_.museum_id as museum_i1_4_0_, mymuseum1_.address as address2_4_0_, mymuseum1_.price_per_pass as price_pe3_4_0_, storageroo2_.room_id as room_id2_5_1_, storageroo2_.name as name3_5_1_, storageroo2_.my_museum_museum_id as my_museu5_5_1_, artifacts3_.room_room_id as room_roo6_1_9_, artifacts3_.artifact_id as artifact1_1_9_, artifacts3_.artifact_id as artifact1_1_2_, artifacts3_.description as descript2_1_2_, artifacts3_.my_museum_museum_id as my_museu5_1_2_, artifacts3_.name as name3_1_2_, artifacts3_.room_room_id as room_roo6_1_2_, artifacts3_.url as url4_1_2_, mymuseum4_.museum_id as museum_i1_4_3_, mymuseum4_.address as address2_4_3_, mymuseum4_.price_per_pass as price_pe3_4_3_, loan5_.loan_id as loan_id1_2_4_, loan5_.artifact_artifact_id as artifact5_2_4_, loan5_.end_date as end_date2_2_4_, loan5_.loan_status as loan_sta3_2_4_, loan5_.loanee_account_id as loanee_a6_2_4_, loan5_.my_museum_museum_id as my_museu7_2_4_, loan5_.start_date as start_da4_2_4_, visitor6_.account_id as account_2_0_5_, visitor6_.email as email3_0_5_, visitor6_.first_name as first_na4_0_5_, visitor6_.last_name as last_nam5_0_5_, visitor6_.password as password6_0_5_, visitor6_.my_museum_museum_id as my_museu9_0_5_, mymuseum7_.museum_id as museum_i1_4_6_, mymuseum7_.address as address2_4_6_, mymuseum7_.price_per_pass as price_pe3_4_6_ from account president0_ left outer join my_museum mymuseum1_ on president0_.my_museum_museum_id=mymuseum1_.museum_id left outer join room storageroo2_ on mymuseum1_.museum_id=storageroo2_.my_museum_museum_id and storageroo2_.dtype='StorageRoom' left outer join artifact artifacts3_ on storageroo2_.room_id=artifacts3_.room_room_id left outer join my_museum mymuseum4_ on artifacts3_.my_museum_museum_id=mymuseum4_.museum_id left outer join loan loan5_ on artifacts3_.artifact_id=loan5_.artifact_artifact_id left outer join account visitor6_ on loan5_.loanee_account_id=visitor6_.account_id left outer join my_museum mymuseum7_ on loan5_.my_museum_museum_id=mymuseum7_.museum_id where president0_.my_museum_museum_id=? and president0_.dtype='President'
Hibernate: select storageroo0_.room_id as room_id2_5_7_, storageroo0_.name as name3_5_7_, storageroo0_.my_museum_museum_id as my_museu5_5_7_, artifacts1_.room_room_id as room_roo6_1_9_, artifacts1_.artifact_id as artifact1_1_9_, artifacts1_.artifact_id as artifact1_1_0_, artifacts1_.description as descript2_1_0_, artifacts1_.my_museum_museum_id as my_museu5_1_0_, artifacts1_.name as name3_1_0_, artifacts1_.room_room_id as room_roo6_1_0_, artifacts1_.url as url4_1_0_, mymuseum2_.museum_id as museum_i1_4_1_, mymuseum2_.address as address2_4_1_, mymuseum2_.price_per_pass as price_pe3_4_1_, president3_.account_id as account_2_0_2_, president3_.email as email3_0_2_, president3_.first_name as first_na4_0_2_, president3_.last_name as last_nam5_0_2_, president3_.password as password6_0_2_, president3_.hourly_wage as hourly_w7_0_2_, president3_.my_museum_museum_id as my_museu9_0_2_, president3_.over_time_hourly_wage as over_tim8_0_2_, storageroo4_.room_id as room_id2_5_3_, storageroo4_.name as name3_5_3_, storageroo4_.my_museum_museum_id as my_museu5_5_3_, loan5_.loan_id as loan_id1_2_4_, loan5_.artifact_artifact_id as artifact5_2_4_, loan5_.end_date as end_date2_2_4_, loan5_.loan_status as loan_sta3_2_4_, loan5_.loanee_account_id as loanee_a6_2_4_, loan5_.my_museum_museum_id as my_museu7_2_4_, loan5_.start_date as start_da4_2_4_, visitor6_.account_id as account_2_0_5_, visitor6_.email as email3_0_5_, visitor6_.first_name as first_na4_0_5_, visitor6_.last_name as last_nam5_0_5_, visitor6_.password as password6_0_5_, visitor6_.my_museum_museum_id as my_museu9_0_5_, mymuseum7_.museum_id as museum_i1_4_6_, mymuseum7_.address as address2_4_6_, mymuseum7_.price_per_pass as price_pe3_4_6_ from room storageroo0_ left outer join artifact artifacts1_ on storageroo0_.room_id=artifacts1_.room_room_id left outer join my_museum mymuseum2_ on artifacts1_.my_museum_museum_id=mymuseum2_.museum_id left outer join account president3_ on mymuseum2_.museum_id=president3_.my_museum_museum_id and president3_.dtype='President' left outer join room storageroo4_ on mymuseum2_.museum_id=storageroo4_.my_museum_museum_id and storageroo4_.dtype='StorageRoom' left outer join loan loan5_ on artifacts1_.artifact_id=loan5_.artifact_artifact_id left outer join account visitor6_ on loan5_.loanee_account_id=visitor6_.account_id left outer join my_museum mymuseum7_ on loan5_.my_museum_museum_id=mymuseum7_.museum_id where storageroo0_.my_museum_museum_id=? and storageroo0_.dtype='StorageRoom'
Hibernate: select president0_.account_id as account_2_0_7_, president0_.email as email3_0_7_, president0_.first_name as first_na4_0_7_, president0_.last_name as last_nam5_0_7_, president0_.password as password6_0_7_, president0_.hourly_wage as hourly_w7_0_7_, president0_.my_museum_museum_id as my_museu9_0_7_, president0_.over_time_hourly_wage as over_tim8_0_7_, mymuseum1_.museum_id as museum_i1_4_0_, mymuseum1_.address as address2_4_0_, mymuseum1_.price_per_pass as price_pe3_4_0_, storageroo2_.room_id as room_id2_5_1_, storageroo2_.name as name3_5_1_, storageroo2_.my_museum_museum_id as my_museu5_5_1_, artifacts3_.room_room_id as room_roo6_1_9_, artifacts3_.artifact_id as artifact1_1_9_, artifacts3_.artifact_id as artifact1_1_2_, artifacts3_.description as descript2_1_2_, artifacts3_.my_museum_museum_id as my_museu5_1_2_, artifacts3_.name as name3_1_2_, artifacts3_.room_room_id as room_roo6_1_2_, artifacts3_.url as url4_1_2_, mymuseum4_.museum_id as museum_i1_4_3_, mymuseum4_.address as address2_4_3_, mymuseum4_.price_per_pass as price_pe3_4_3_, loan5_.loan_id as loan_id1_2_4_, loan5_.artifact_artifact_id as artifact5_2_4_, loan5_.end_date as end_date2_2_4_, loan5_.loan_status as loan_sta3_2_4_, loan5_.loanee_account_id as loanee_a6_2_4_, loan5_.my_museum_museum_id as my_museu7_2_4_, loan5_.start_date as start_da4_2_4_, visitor6_.account_id as account_2_0_5_, visitor6_.email as email3_0_5_, visitor6_.first_name as first_na4_0_5_, visitor6_.last_name as last_nam5_0_5_, visitor6_.password as password6_0_5_, visitor6_.my_museum_museum_id as my_museu9_0_5_, mymuseum7_.museum_id as museum_i1_4_6_, mymuseum7_.address as address2_4_6_, mymuseum7_.price_per_pass as price_pe3_4_6_ from account president0_ left outer join my_museum mymuseum1_ on president0_.my_museum_museum_id=mymuseum1_.museum_id left outer join room storageroo2_ on mymuseum1_.museum_id=storageroo2_.my_museum_museum_id and storageroo2_.dtype='StorageRoom' left outer join artifact artifacts3_ on storageroo2_.room_id=artifacts3_.room_room_id left outer join my_museum mymuseum4_ on artifacts3_.my_museum_museum_id=mymuseum4_.museum_id left outer join loan loan5_ on artifacts3_.artifact_id=loan5_.artifact_artifact_id left outer join account visitor6_ on loan5_.loanee_account_id=visitor6_.account_id left outer join my_museum mymuseum7_ on loan5_.my_museum_museum_id=mymuseum7_.museum_id where president0_.my_museum_museum_id=? and president0_.dtype='President'
Hibernate: select storageroo0_.room_id as room_id2_5_7_, storageroo0_.name as name3_5_7_, storageroo0_.my_museum_museum_id as my_museu5_5_7_, artifacts1_.room_room_id as room_roo6_1_9_, artifacts1_.artifact_id as artifact1_1_9_, artifacts1_.artifact_id as artifact1_1_0_, artifacts1_.description as descript2_1_0_, artifacts1_.my_museum_museum_id as my_museu5_1_0_, artifacts1_.name as name3_1_0_, artifacts1_.room_room_id as room_roo6_1_0_, artifacts1_.url as url4_1_0_, mymuseum2_.museum_id as museum_i1_4_1_, mymuseum2_.address as address2_4_1_, mymuseum2_.price_per_pass as price_pe3_4_1_, president3_.account_id as account_2_0_2_, president3_.email as email3_0_2_, president3_.first_name as first_na4_0_2_, president3_.last_name as last_nam5_0_2_, president3_.password as password6_0_2_, president3_.hourly_wage as hourly_w7_0_2_, president3_.my_museum_museum_id as my_museu9_0_2_, president3_.over_time_hourly_wage as over_tim8_0_2_, storageroo4_.room_id as room_id2_5_3_, storageroo4_.name as name3_5_3_, storageroo4_.my_museum_museum_id as my_museu5_5_3_, loan5_.loan_id as loan_id1_2_4_, loan5_.artifact_artifact_id as artifact5_2_4_, loan5_.end_date as end_date2_2_4_, loan5_.loan_status as loan_sta3_2_4_, loan5_.loanee_account_id as loanee_a6_2_4_, loan5_.my_museum_museum_id as my_museu7_2_4_, loan5_.start_date as start_da4_2_4_, visitor6_.account_id as account_2_0_5_, visitor6_.email as email3_0_5_, visitor6_.first_name as first_na4_0_5_, visitor6_.last_name as last_nam5_0_5_, visitor6_.password as password6_0_5_, visitor6_.my_museum_museum_id as my_museu9_0_5_, mymuseum7_.museum_id as museum_i1_4_6_, mymuseum7_.address as address2_4_6_, mymuseum7_.price_per_pass as price_pe3_4_6_ from room storageroo0_ left outer join artifact artifacts1_ on storageroo0_.room_id=artifacts1_.room_room_id left outer join my_museum mymuseum2_ on artifacts1_.my_museum_museum_id=mymuseum2_.museum_id left outer join account president3_ on mymuseum2_.museum_id=president3_.my_museum_museum_id and president3_.dtype='President' left outer join room storageroo4_ on mymuseum2_.museum_id=storageroo4_.my_museum_museum_id and storageroo4_.dtype='StorageRoom' left outer join loan loan5_ on artifacts1_.artifact_id=loan5_.artifact_artifact_id left outer join account visitor6_ on loan5_.loanee_account_id=visitor6_.account_id left outer join my_museum mymuseum7_ on loan5_.my_museum_museum_id=mymuseum7_.museum_id where storageroo0_.my_museum_museum_id=? and storageroo0_.dtype='StorageRoom'
Hibernate: select president0_.account_id as account_2_0_7_, president0_.email as email3_0_7_, president0_.first_name as first_na4_0_7_, president0_.last_name as last_nam5_0_7_, president0_.password as password6_0_7_, president0_.hourly_wage as hourly_w7_0_7_, president0_.my_museum_museum_id as my_museu9_0_7_, president0_.over_time_hourly_wage as over_tim8_0_7_, mymuseum1_.museum_id as museum_i1_4_0_, mymuseum1_.address as address2_4_0_, mymuseum1_.price_per_pass as price_pe3_4_0_, storageroo2_.room_id as room_id2_5_1_, storageroo2_.name as name3_5_1_, storageroo2_.my_museum_museum_id as my_museu5_5_1_, artifacts3_.room_room_id as room_roo6_1_9_, artifacts3_.artifact_id as artifact1_1_9_, artifacts3_.artifact_id as artifact1_1_2_, artifacts3_.description as descript2_1_2_, artifacts3_.my_museum_museum_id as my_museu5_1_2_, artifacts3_.name as name3_1_2_, artifacts3_.room_room_id as room_roo6_1_2_, artifacts3_.url as url4_1_2_, mymuseum4_.museum_id as museum_i1_4_3_, mymuseum4_.address as address2_4_3_, mymuseum4_.price_per_pass as price_pe3_4_3_, loan5_.loan_id as loan_id1_2_4_, loan5_.artifact_artifact_id as artifact5_2_4_, loan5_.end_date as end_date2_2_4_, loan5_.loan_status as loan_sta3_2_4_, loan5_.loanee_account_id as loanee_a6_2_4_, loan5_.my_museum_museum_id as my_museu7_2_4_, loan5_.start_date as start_da4_2_4_, visitor6_.account_id as account_2_0_5_, visitor6_.email as email3_0_5_, visitor6_.first_name as first_na4_0_5_, visitor6_.last_name as last_nam5_0_5_, visitor6_.password as password6_0_5_, visitor6_.my_museum_museum_id as my_museu9_0_5_, mymuseum7_.museum_id as museum_i1_4_6_, mymuseum7_.address as address2_4_6_, mymuseum7_.price_per_pass as price_pe3_4_6_ from account president0_ left outer join my_museum mymuseum1_ on president0_.my_museum_museum_id=mymuseum1_.museum_id left outer join room storageroo2_ on mymuseum1_.museum_id=storageroo2_.my_museum_museum_id and storageroo2_.dtype='StorageRoom' left outer join artifact artifacts3_ on storageroo2_.room_id=artifacts3_.room_room_id left outer join my_museum mymuseum4_ on artifacts3_.my_museum_museum_id=mymuseum4_.museum_id left outer join loan loan5_ on artifacts3_.artifact_id=loan5_.artifact_artifact_id left outer join account visitor6_ on loan5_.loanee_account_id=visitor6_.account_id left outer join my_museum mymuseum7_ on loan5_.my_museum_museum_id=mymuseum7_.museum_id where president0_.my_museum_museum_id=? and president0_.dtype='President'
Hibernate: select storageroo0_.room_id as room_id2_5_7_, storageroo0_.name as name3_5_7_, storageroo0_.my_museum_museum_id as my_museu5_5_7_, artifacts1_.room_room_id as room_roo6_1_9_, artifacts1_.artifact_id as artifact1_1_9_, artifacts1_.artifact_id as artifact1_1_0_, artifacts1_.description as descript2_1_0_, artifacts1_.my_museum_museum_id as my_museu5_1_0_, artifacts1_.name as name3_1_0_, artifacts1_.room_room_id as room_roo6_1_0_, artifacts1_.url as url4_1_0_, mymuseum2_.museum_id as museum_i1_4_1_, mymuseum2_.address as address2_4_1_, mymuseum2_.price_per_pass as price_pe3_4_1_, president3_.account_id as account_2_0_2_, president3_.email as email3_0_2_, president3_.first_name as first_na4_0_2_, president3_.last_name as last_nam5_0_2_, president3_.password as password6_0_2_, president3_.hourly_wage as hourly_w7_0_2_, president3_.my_museum_museum_id as my_museu9_0_2_, president3_.over_time_hourly_wage as over_tim8_0_2_, storageroo4_.room_id as room_id2_5_3_, storageroo4_.name as name3_5_3_, storageroo4_.my_museum_museum_id as my_museu5_5_3_, loan5_.loan_id as loan_id1_2_4_, loan5_.artifact_artifact_id as artifact5_2_4_, loan5_.end_date as end_date2_2_4_, loan5_.loan_status as loan_sta3_2_4_, loan5_.loanee_account_id as loanee_a6_2_4_, loan5_.my_museum_museum_id as my_museu7_2_4_, loan5_.start_date as start_da4_2_4_, visitor6_.account_id as account_2_0_5_, visitor6_.email as email3_0_5_, visitor6_.first_name as first_na4_0_5_, visitor6_.last_name as last_nam5_0_5_, visitor6_.password as password6_0_5_, visitor6_.my_museum_museum_id as my_museu9_0_5_, mymuseum7_.museum_id as museum_i1_4_6_, mymuseum7_.address as address2_4_6_, mymuseum7_.price_per_pass as price_pe3_4_6_ from room storageroo0_ left outer join artifact artifacts1_ on storageroo0_.room_id=artifacts1_.room_room_id left outer join my_museum mymuseum2_ on artifacts1_.my_museum_museum_id=mymuseum2_.museum_id left outer join account president3_ on mymuseum2_.museum_id=president3_.my_museum_museum_id and president3_.dtype='President' left outer join room storageroo4_ on mymuseum2_.museum_id=storageroo4_.my_museum_museum_id and storageroo4_.dtype='StorageRoom' left outer join loan loan5_ on artifacts1_.artifact_id=loan5_.artifact_artifact_id left outer join account visitor6_ on loan5_.loanee_account_id=visitor6_.account_id left outer join my_museum mymuseum7_ on loan5_.my_museum_museum_id=mymuseum7_.museum_id where storageroo0_.my_museum_museum_id=? and storageroo0_.dtype='StorageRoom'
Hibernate: select president0_.account_id as account_2_0_7_, president0_.email as email3_0_7_, president0_.first_name as first_na4_0_7_, president0_.last_name as last_nam5_0_7_, president0_.password as password6_0_7_, president0_.hourly_wage as hourly_w7_0_7_, president0_.my_museum_museum_id as my_museu9_0_7_, president0_.over_time_hourly_wage as over_tim8_0_7_, mymuseum1_.museum_id as museum_i1_4_0_, mymuseum1_.address as address2_4_0_, mymuseum1_.price_per_pass as price_pe3_4_0_, storageroo2_.room_id as room_id2_5_1_, storageroo2_.name as name3_5_1_, storageroo2_.my_museum_museum_id as my_museu5_5_1_, artifacts3_.room_room_id as room_roo6_1_9_, artifacts3_.artifact_id as artifact1_1_9_, artifacts3_.artifact_id as artifact1_1_2_, artifacts3_.description as descript2_1_2_, artifacts3_.my_museum_museum_id as my_museu5_1_2_, artifacts3_.name as name3_1_2_, artifacts3_.room_room_id as room_roo6_1_2_, artifacts3_.url as url4_1_2_, mymuseum4_.museum_id as museum_i1_4_3_, mymuseum4_.address as address2_4_3_, mymuseum4_.price_per_pass as price_pe3_4_3_, loan5_.loan_id as loan_id1_2_4_, loan5_.artifact_artifact_id as artifact5_2_4_, loan5_.end_date as end_date2_2_4_, loan5_.loan_status as loan_sta3_2_4_, loan5_.loanee_account_id as loanee_a6_2_4_, loan5_.my_museum_museum_id as my_museu7_2_4_, loan5_.start_date as start_da4_2_4_, visitor6_.account_id as account_2_0_5_, visitor6_.email as email3_0_5_, visitor6_.first_name as first_na4_0_5_, visitor6_.last_name as last_nam5_0_5_, visitor6_.password as password6_0_5_, visitor6_.my_museum_museum_id as my_museu9_0_5_, mymuseum7_.museum_id as museum_i1_4_6_, mymuseum7_.address as address2_4_6_, mymuseum7_.price_per_pass as price_pe3_4_6_ from account president0_ left outer join my_museum mymuseum1_ on president0_.my_museum_museum_id=mymuseum1_.museum_id left outer join room storageroo2_ on mymuseum1_.museum_id=storageroo2_.my_museum_museum_id and storageroo2_.dtype='StorageRoom' left outer join artifact artifacts3_ on storageroo2_.room_id=artifacts3_.room_room_id left outer join my_museum mymuseum4_ on artifacts3_.my_museum_museum_id=mymuseum4_.museum_id left outer join loan loan5_ on artifacts3_.artifact_id=loan5_.artifact_artifact_id left outer join account visitor6_ on loan5_.loanee_account_id=visitor6_.account_id left outer join my_museum mymuseum7_ on loan5_.my_museum_museum_id=mymuseum7_.museum_id where president0_.my_museum_museum_id=? and president0_.dtype='President'
Hibernate: select storageroo0_.room_id as room_id2_5_7_, storageroo0_.name as name3_5_7_, storageroo0_.my_museum_museum_id as my_museu5_5_7_, artifacts1_.room_room_id as room_roo6_1_9_, artifacts1_.artifact_id as artifact1_1_9_, artifacts1_.artifact_id as artifact1_1_0_, artifacts1_.description as descript2_1_0_, artifacts1_.my_museum_museum_id as my_museu5_1_0_, artifacts1_.name as name3_1_0_, artifacts1_.room_room_id as room_roo6_1_0_, artifacts1_.url as url4_1_0_, mymuseum2_.museum_id as museum_i1_4_1_, mymuseum2_.address as address2_4_1_, mymuseum2_.price_per_pass as price_pe3_4_1_, president3_.account_id as account_2_0_2_, president3_.email as email3_0_2_, president3_.first_name as first_na4_0_2_, president3_.last_name as last_nam5_0_2_, president3_.password as password6_0_2_, president3_.hourly_wage as hourly_w7_0_2_, president3_.my_museum_museum_id as my_museu9_0_2_, president3_.over_time_hourly_wage as over_tim8_0_2_, storageroo4_.room_id as room_id2_5_3_, storageroo4_.name as name3_5_3_, storageroo4_.my_museum_museum_id as my_museu5_5_3_, loan5_.loan_id as loan_id1_2_4_, loan5_.artifact_artifact_id as artifact5_2_4_, loan5_.end_date as end_date2_2_4_, loan5_.loan_status as loan_sta3_2_4_, loan5_.loanee_account_id as loanee_a6_2_4_, loan5_.my_museum_museum_id as my_museu7_2_4_, loan5_.start_date as start_da4_2_4_, visitor6_.account_id as account_2_0_5_, visitor6_.email as email3_0_5_, visitor6_.first_name as first_na4_0_5_, visitor6_.last_name as last_nam5_0_5_, visitor6_.password as password6_0_5_, visitor6_.my_museum_museum_id as my_museu9_0_5_, mymuseum7_.museum_id as museum_i1_4_6_, mymuseum7_.address as address2_4_6_, mymuseum7_.price_per_pass as price_pe3_4_6_ from room storageroo0_ left outer join artifact artifacts1_ on storageroo0_.room_id=artifacts1_.room_room_id left outer join my_museum mymuseum2_ on artifacts1_.my_museum_museum_id=mymuseum2_.museum_id left outer join account president3_ on mymuseum2_.museum_id=president3_.my_museum_museum_id and president3_.dtype='President' left outer join room storageroo4_ on mymuseum2_.museum_id=storageroo4_.my_museum_museum_id and storageroo4_.dtype='StorageRoom' left outer join loan loan5_ on artifacts1_.artifact_id=loan5_.artifact_artifact_id left outer join account visitor6_ on loan5_.loanee_account_id=visitor6_.account_id left outer join my_museum mymuseum7_ on loan5_.my_museum_museum_id=mymuseum7_.museum_id where storageroo0_.my_museum_museum_id=? and storageroo0_.dtype='StorageRoom'
Hibernate: select president0_.account_id as account_2_0_7_, president0_.email as email3_0_7_, president0_.first_name as first_na4_0_7_, president0_.last_name as last_nam5_0_7_, president0_.password as password6_0_7_, president0_.hourly_wage as hourly_w7_0_7_, president0_.my_museum_museum_id as my_museu9_0_7_, president0_.over_time_hourly_wage as over_tim8_0_7_, mymuseum1_.museum_id as museum_i1_4_0_, mymuseum1_.address as address2_4_0_, mymuseum1_.price_per_pass as price_pe3_4_0_, storageroo2_.room_id as room_id2_5_1_, storageroo2_.name as name3_5_1_, storageroo2_.my_museum_museum_id as my_museu5_5_1_, artifacts3_.room_room_id as room_roo6_1_9_, artifacts3_.artifact_id as artifact1_1_9_, artifacts3_.artifact_id as artifact1_1_2_, artifacts3_.description as descript2_1_2_, artifacts3_.my_museum_museum_id as my_museu5_1_2_, artifacts3_.name as name3_1_2_, artifacts3_.room_room_id as room_roo6_1_2_, artifacts3_.url as url4_1_2_, mymuseum4_.museum_id as museum_i1_4_3_, mymuseum4_.address as address2_4_3_, mymuseum4_.price_per_pass as price_pe3_4_3_, loan5_.loan_id as loan_id1_2_4_, loan5_.artifact_artifact_id as artifact5_2_4_, loan5_.end_date as end_date2_2_4_, loan5_.loan_status as loan_sta3_2_4_, loan5_.loanee_account_id as loanee_a6_2_4_, loan5_.my_museum_museum_id as my_museu7_2_4_, loan5_.start_date as start_da4_2_4_, visitor6_.account_id as account_2_0_5_, visitor6_.email as email3_0_5_, visitor6_.first_name as first_na4_0_5_, visitor6_.last_name as last_nam5_0_5_, visitor6_.password as password6_0_5_, visitor6_.my_museum_museum_id as my_museu9_0_5_, mymuseum7_.museum_id as museum_i1_4_6_, mymuseum7_.address as address2_4_6_, mymuseum7_.price_per_pass as price_pe3_4_6_ from account president0_ left outer join my_museum mymuseum1_ on president0_.my_museum_museum_id=mymuseum1_.museum_id left outer join room storageroo2_ on mymuseum1_.museum_id=storageroo2_.my_museum_museum_id and storageroo2_.dtype='StorageRoom' left outer join artifact artifacts3_ on storageroo2_.room_id=artifacts3_.room_room_id left outer join my_museum mymuseum4_ on artifacts3_.my_museum_museum_id=mymuseum4_.museum_id left outer join loan loan5_ on artifacts3_.artifact_id=loan5_.artifact_artifact_id left outer join account visitor6_ on loan5_.loanee_account_id=visitor6_.account_id left outer join my_museum mymuseum7_ on loan5_.my_museum_museum_id=mymuseum7_.museum_id where president0_.my_museum_museum_id=? and president0_.dtype='President'
Hibernate: select storageroo0_.room_id as room_id2_5_7_, storageroo0_.name as name3_5_7_, storageroo0_.my_museum_museum_id as my_museu5_5_7_, artifacts1_.room_room_id as room_roo6_1_9_, artifacts1_.artifact_id as artifact1_1_9_, artifacts1_.artifact_id as artifact1_1_0_, artifacts1_.description as descript2_1_0_, artifacts1_.my_museum_museum_id as my_museu5_1_0_, artifacts1_.name as name3_1_0_, artifacts1_.room_room_id as room_roo6_1_0_, artifacts1_.url as url4_1_0_, mymuseum2_.museum_id as museum_i1_4_1_, mymuseum2_.address as address2_4_1_, mymuseum2_.price_per_pass as price_pe3_4_1_, president3_.account_id as account_2_0_2_, president3_.email as email3_0_2_, president3_.first_name as first_na4_0_2_, president3_.last_name as last_nam5_0_2_, president3_.password as password6_0_2_, president3_.hourly_wage as hourly_w7_0_2_, president3_.my_museum_museum_id as my_museu9_0_2_, president3_.over_time_hourly_wage as over_tim8_0_2_, storageroo4_.room_id as room_id2_5_3_, storageroo4_.name as name3_5_3_, storageroo4_.my_museum_museum_id as my_museu5_5_3_, loan5_.loan_id as loan_id1_2_4_, loan5_.artifact_artifact_id as artifact5_2_4_, loan5_.end_date as end_date2_2_4_, loan5_.loan_status as loan_sta3_2_4_, loan5_.loanee_account_id as loanee_a6_2_4_, loan5_.my_museum_museum_id as my_museu7_2_4_, loan5_.start_date as start_da4_2_4_, visitor6_.account_id as account_2_0_5_, visitor6_.email as email3_0_5_, visitor6_.first_name as first_na4_0_5_, visitor6_.last_name as last_nam5_0_5_, visitor6_.password as password6_0_5_, visitor6_.my_museum_museum_id as my_museu9_0_5_, mymuseum7_.museum_id as museum_i1_4_6_, mymuseum7_.address as address2_4_6_, mymuseum7_.price_per_pass as price_pe3_4_6_ from room storageroo0_ left outer join artifact artifacts1_ on storageroo0_.room_id=artifacts1_.room_room_id left outer join my_museum mymuseum2_ on artifacts1_.my_museum_museum_id=mymuseum2_.museum_id left outer join account president3_ on mymuseum2_.museum_id=president3_.my_museum_museum_id and president3_.dtype='President' left outer join room storageroo4_ on mymuseum2_.museum_id=storageroo4_.my_museum_museum_id and storageroo4_.dtype='StorageRoom' left outer join loan loan5_ on artifacts1_.artifact_id=loan5_.artifact_artifact_id left outer join account visitor6_ on loan5_.loanee_account_id=visitor6_.account_id left outer join my_museum mymuseum7_ on loan5_.my_museum_museum_id=mymuseum7_.museum_id where storageroo0_.my_museum_museum_id=? and storageroo0_.dtype='StorageRoom'
Hibernate: select president0_.account_id as account_2_0_7_, president0_.email as email3_0_7_, president0_.first_name as first_na4_0_7_, president0_.last_name as last_nam5_0_7_, president0_.password as password6_0_7_, president0_.hourly_wage as hourly_w7_0_7_, president0_.my_museum_museum_id as my_museu9_0_7_, president0_.over_time_hourly_wage as over_tim8_0_7_, mymuseum1_.museum_id as museum_i1_4_0_, mymuseum1_.address as address2_4_0_, mymuseum1_.price_per_pass as price_pe3_4_0_, storageroo2_.room_id as room_id2_5_1_, storageroo2_.name as name3_5_1_, storageroo2_.my_museum_museum_id as my_museu5_5_1_, artifacts3_.room_room_id as room_roo6_1_9_, artifacts3_.artifact_id as artifact1_1_9_, artifacts3_.artifact_id as artifact1_1_2_, artifacts3_.description as descript2_1_2_, artifacts3_.my_museum_museum_id as my_museu5_1_2_, artifacts3_.name as name3_1_2_, artifacts3_.room_room_id as room_roo6_1_2_, artifacts3_.url as url4_1_2_, mymuseum4_.museum_id as museum_i1_4_3_, mymuseum4_.address as address2_4_3_, mymuseum4_.price_per_pass as price_pe3_4_3_, loan5_.loan_id as loan_id1_2_4_, loan5_.artifact_artifact_id as artifact5_2_4_, loan5_.end_date as end_date2_2_4_, loan5_.loan_status as loan_sta3_2_4_, loan5_.loanee_account_id as loanee_a6_2_4_, loan5_.my_museum_museum_id as my_museu7_2_4_, loan5_.start_date as start_da4_2_4_, visitor6_.account_id as account_2_0_5_, visitor6_.email as email3_0_5_, visitor6_.first_name as first_na4_0_5_, visitor6_.last_name as last_nam5_0_5_, visitor6_.password as password6_0_5_, visitor6_.my_museum_museum_id as my_museu9_0_5_, mymuseum7_.museum_id as museum_i1_4_6_, mymuseum7_.address as address2_4_6_, mymuseum7_.price_per_pass as price_pe3_4_6_ from account president0_ left outer join my_museum mymuseum1_ on president0_.my_museum_museum_id=mymuseum1_.museum_id left outer join room storageroo2_ on mymuseum1_.museum_id=storageroo2_.my_museum_museum_id and storageroo2_.dtype='StorageRoom' left outer join artifact artifacts3_ on storageroo2_.room_id=artifacts3_.room_room_id left outer join my_museum mymuseum4_ on artifacts3_.my_museum_museum_id=mymuseum4_.museum_id left outer join loan loan5_ on artifacts3_.artifact_id=loan5_.artifact_artifact_id left outer join account visitor6_ on loan5_.loanee_account_id=visitor6_.account_id left outer join my_museum mymuseum7_ on loan5_.my_museum_museum_id=mymuseum7_.museum_id where president0_.my_museum_museum_id=? and president0_.dtype='President'
Hibernate: select storageroo0_.room_id as room_id2_5_7_, storageroo0_.name as name3_5_7_, storageroo0_.my_museum_museum_id as my_museu5_5_7_, artifacts1_.room_room_id as room_roo6_1_9_, artifacts1_.artifact_id as artifact1_1_9_, artifacts1_.artifact_id as artifact1_1_0_, artifacts1_.description as descript2_1_0_, artifacts1_.my_museum_museum_id as my_museu5_1_0_, artifacts1_.name as name3_1_0_, artifacts1_.room_room_id as room_roo6_1_0_, artifacts1_.url as url4_1_0_, mymuseum2_.museum_id as museum_i1_4_1_, mymuseum2_.address as address2_4_1_, mymuseum2_.price_per_pass as price_pe3_4_1_, president3_.account_id as account_2_0_2_, president3_.email as email3_0_2_, president3_.first_name as first_na4_0_2_, president3_.last_name as last_nam5_0_2_, president3_.password as password6_0_2_, president3_.hourly_wage as hourly_w7_0_2_, president3_.my_museum_museum_id as my_museu9_0_2_, president3_.over_time_hourly_wage as over_tim8_0_2_, storageroo4_.room_id as room_id2_5_3_, storageroo4_.name as name3_5_3_, storageroo4_.my_museum_museum_id as my_museu5_5_3_, loan5_.loan_id as loan_id1_2_4_, loan5_.artifact_artifact_id as artifact5_2_4_, loan5_.end_date as end_date2_2_4_, loan5_.loan_status as loan_sta3_2_4_, loan5_.loanee_account_id as loanee_a6_2_4_, loan5_.my_museum_museum_id as my_museu7_2_4_, loan5_.start_date as start_da4_2_4_, visitor6_.account_id as account_2_0_5_, visitor6_.email as email3_0_5_, visitor6_.first_name as first_na4_0_5_, visitor6_.last_name as last_nam5_0_5_, visitor6_.password as password6_0_5_, visitor6_.my_museum_museum_id as my_museu9_0_5_, mymuseum7_.museum_id as museum_i1_4_6_, mymuseum7_.address as address2_4_6_, mymuseum7_.price_per_pass as price_pe3_4_6_ from room storageroo0_ left outer join artifact artifacts1_ on storageroo0_.room_id=artifacts1_.room_room_id left outer join my_museum mymuseum2_ on artifacts1_.my_museum_museum_id=mymuseum2_.museum_id left outer join account president3_ on mymuseum2_.museum_id=president3_.my_museum_museum_id and president3_.dtype='President' left outer join room storageroo4_ on mymuseum2_.museum_id=storageroo4_.my_museum_museum_id and storageroo4_.dtype='StorageRoom' left outer join loan loan5_ on artifacts1_.artifact_id=loan5_.artifact_artifact_id left outer join account visitor6_ on loan5_.loanee_account_id=visitor6_.account_id left outer join my_museum mymuseum7_ on loan5_.my_museum_museum_id=mymuseum7_.museum_id where storageroo0_.my_museum_museum_id=? and storageroo0_.dtype='StorageRoom'
Hibernate: select president0_.account_id as account_2_0_7_, president0_.email as email3_0_7_, president0_.first_name as first_na4_0_7_, president0_.last_name as last_nam5_0_7_, president0_.password as password6_0_7_, president0_.hourly_wage as hourly_w7_0_7_, president0_.my_museum_museum_id as my_museu9_0_7_, president0_.over_time_hourly_wage as over_tim8_0_7_, mymuseum1_.museum_id as museum_i1_4_0_, mymuseum1_.address as address2_4_0_, mymuseum1_.price_per_pass as price_pe3_4_0_, storageroo2_.room_id as room_id2_5_1_, storageroo2_.name as name3_5_1_, storageroo2_.my_museum_museum_id as my_museu5_5_1_, artifacts3_.room_room_id as room_roo6_1_9_, artifacts3_.artifact_id as artifact1_1_9_, artifacts3_.artifact_id as artifact1_1_2_, artifacts3_.description as descript2_1_2_, artifacts3_.my_museum_museum_id as my_museu5_1_2_, artifacts3_.name as name3_1_2_, artifacts3_.room_room_id as room_roo6_1_2_, artifacts3_.url as url4_1_2_, mymuseum4_.museum_id as museum_i1_4_3_, mymuseum4_.address as address2_4_3_, mymuseum4_.price_per_pass as price_pe3_4_3_, loan5_.loan_id as loan_id1_2_4_, loan5_.artifact_artifact_id as artifact5_2_4_, loan5_.end_date as end_date2_2_4_, loan5_.loan_status as loan_sta3_2_4_, loan5_.loanee_account_id as loanee_a6_2_4_, loan5_.my_museum_museum_id as my_museu7_2_4_, loan5_.start_date as start_da4_2_4_, visitor6_.account_id as account_2_0_5_, visitor6_.email as email3_0_5_, visitor6_.first_name as first_na4_0_5_, visitor6_.last_name as last_nam5_0_5_, visitor6_.password as password6_0_5_, visitor6_.my_museum_museum_id as my_museu9_0_5_, mymuseum7_.museum_id as museum_i1_4_6_, mymuseum7_.address as address2_4_6_, mymuseum7_.price_per_pass as price_pe3_4_6_ from account president0_ left outer join my_museum mymuseum1_ on president0_.my_museum_museum_id=mymuseum1_.museum_id left outer join room storageroo2_ on mymuseum1_.museum_id=storageroo2_.my_museum_museum_id and storageroo2_.dtype='StorageRoom' left outer join artifact artifacts3_ on storageroo2_.room_id=artifacts3_.room_room_id left outer join my_museum mymuseum4_ on artifacts3_.my_museum_museum_id=mymuseum4_.museum_id left outer join loan loan5_ on artifacts3_.artifact_id=loan5_.artifact_artifact_id left outer join account visitor6_ on loan5_.loanee_account_id=visitor6_.account_id left outer join my_museum mymuseum7_ on loan5_.my_museum_museum_id=mymuseum7_.museum_id where president0_.my_museum_museum_id=? and president0_.dtype='President'
Hibernate: select storageroo0_.room_id as room_id2_5_7_, storageroo0_.name as name3_5_7_, storageroo0_.my_museum_museum_id as my_museu5_5_7_, artifacts1_.room_room_id as room_roo6_1_9_, artifacts1_.artifact_id as artifact1_1_9_, artifacts1_.artifact_id as artifact1_1_0_, artifacts1_.description as descript2_1_0_, artifacts1_.my_museum_museum_id as my_museu5_1_0_, artifacts1_.name as name3_1_0_, artifacts1_.room_room_id as room_roo6_1_0_, artifacts1_.url as url4_1_0_, mymuseum2_.museum_id as museum_i1_4_1_, mymuseum2_.address as address2_4_1_, mymuseum2_.price_per_pass as price_pe3_4_1_, president3_.account_id as account_2_0_2_, president3_.email as email3_0_2_, president3_.first_name as first_na4_0_2_, president3_.last_name as last_nam5_0_2_, president3_.password as password6_0_2_, president3_.hourly_wage as hourly_w7_0_2_, president3_.my_museum_museum_id as my_museu9_0_2_, president3_.over_time_hourly_wage as over_tim8_0_2_, storageroo4_.room_id as room_id2_5_3_, storageroo4_.name as name3_5_3_, storageroo4_.my_museum_museum_id as my_museu5_5_3_, loan5_.loan_id as loan_id1_2_4_, loan5_.artifact_artifact_id as artifact5_2_4_, loan5_.end_date as end_date2_2_4_, loan5_.loan_status as loan_sta3_2_4_, loan5_.loanee_account_id as loanee_a6_2_4_, loan5_.my_museum_museum_id as my_museu7_2_4_, loan5_.start_date as start_da4_2_4_, visitor6_.account_id as account_2_0_5_, visitor6_.email as email3_0_5_, visitor6_.first_name as first_na4_0_5_, visitor6_.last_name as last_nam5_0_5_, visitor6_.password as password6_0_5_, visitor6_.my_museum_museum_id as my_museu9_0_5_, mymuseum7_.museum_id as museum_i1_4_6_, mymuseum7_.address as address2_4_6_, mymuseum7_.price_per_pass as price_pe3_4_6_ from room storageroo0_ left outer join artifact artifacts1_ on storageroo0_.room_id=artifacts1_.room_room_id left outer join my_museum mymuseum2_ on artifacts1_.my_museum_museum_id=mymuseum2_.museum_id left outer join account president3_ on mymuseum2_.museum_id=president3_.my_museum_museum_id and president3_.dtype='President' left outer join room storageroo4_ on mymuseum2_.museum_id=storageroo4_.my_museum_museum_id and storageroo4_.dtype='StorageRoom' left outer join loan loan5_ on artifacts1_.artifact_id=loan5_.artifact_artifact_id left outer join account visitor6_ on loan5_.loanee_account_id=visitor6_.account_id left outer join my_museum mymuseum7_ on loan5_.my_museum_museum_id=mymuseum7_.museum_id where storageroo0_.my_museum_museum_id=? and storageroo0_.dtype='StorageRoom'
Hibernate: select president0_.account_id as account_2_0_7_, president0_.email as email3_0_7_, president0_.first_name as first_na4_0_7_, president0_.last_name as last_nam5_0_7_, president0_.password as password6_0_7_, president0_.hourly_wage as hourly_w7_0_7_, president0_.my_museum_museum_id as my_museu9_0_7_, president0_.over_time_hourly_wage as over_tim8_0_7_, mymuseum1_.museum_id as museum_i1_4_0_, mymuseum1_.address as address2_4_0_, mymuseum1_.price_per_pass as price_pe3_4_0_, storageroo2_.room_id as room_id2_5_1_, storageroo2_.name as name3_5_1_, storageroo2_.my_museum_museum_id as my_museu5_5_1_, artifacts3_.room_room_id as room_roo6_1_9_, artifacts3_.artifact_id as artifact1_1_9_, artifacts3_.artifact_id as artifact1_1_2_, artifacts3_.description as descript2_1_2_, artifacts3_.my_museum_museum_id as my_museu5_1_2_, artifacts3_.name as name3_1_2_, artifacts3_.room_room_id as room_roo6_1_2_, artifacts3_.url as url4_1_2_, mymuseum4_.museum_id as museum_i1_4_3_, mymuseum4_.address as address2_4_3_, mymuseum4_.price_per_pass as price_pe3_4_3_, loan5_.loan_id as loan_id1_2_4_, loan5_.artifact_artifact_id as artifact5_2_4_, loan5_.end_date as end_date2_2_4_, loan5_.loan_status as loan_sta3_2_4_, loan5_.loanee_account_id as loanee_a6_2_4_, loan5_.my_museum_museum_id as my_museu7_2_4_, loan5_.start_date as start_da4_2_4_, visitor6_.account_id as account_2_0_5_, visitor6_.email as email3_0_5_, visitor6_.first_name as first_na4_0_5_, visitor6_.last_name as last_nam5_0_5_, visitor6_.password as password6_0_5_, visitor6_.my_museum_museum_id as my_museu9_0_5_, mymuseum7_.museum_id as museum_i1_4_6_, mymuseum7_.address as address2_4_6_, mymuseum7_.price_per_pass as price_pe3_4_6_ from account president0_ left outer join my_museum mymuseum1_ on president0_.my_museum_museum_id=mymuseum1_.museum_id left outer join room storageroo2_ on mymuseum1_.museum_id=storageroo2_.my_museum_museum_id and storageroo2_.dtype='StorageRoom' left outer join artifact artifacts3_ on storageroo2_.room_id=artifacts3_.room_room_id left outer join my_museum mymuseum4_ on artifacts3_.my_museum_museum_id=mymuseum4_.museum_id left outer join loan loan5_ on artifacts3_.artifact_id=loan5_.artifact_artifact_id left outer join account visitor6_ on loan5_.loanee_account_id=visitor6_.account_id left outer join my_museum mymuseum7_ on loan5_.my_museum_museum_id=mymuseum7_.museum_id where president0_.my_museum_museum_id=? and president0_.dtype='President'
Hibernate: select storageroo0_.room_id as room_id2_5_7_, storageroo0_.name as name3_5_7_, storageroo0_.my_museum_museum_id as my_museu5_5_7_, artifacts1_.room_room_id as room_roo6_1_9_, artifacts1_.artifact_id as artifact1_1_9_, artifacts1_.artifact_id as artifact1_1_0_, artifacts1_.description as descript2_1_0_, artifacts1_.my_museum_museum_id as my_museu5_1_0_, artifacts1_.name as name3_1_0_, artifacts1_.room_room_id as room_roo6_1_0_, artifacts1_.url as url4_1_0_, mymuseum2_.museum_id as museum_i1_4_1_, mymuseum2_.address as address2_4_1_, mymuseum2_.price_per_pass as price_pe3_4_1_, president3_.account_id as account_2_0_2_, president3_.email as email3_0_2_, president3_.first_name as first_na4_0_2_, president3_.last_name as last_nam5_0_2_, president3_.password as password6_0_2_, president3_.hourly_wage as hourly_w7_0_2_, president3_.my_museum_museum_id as my_museu9_0_2_, president3_.over_time_hourly_wage as over_tim8_0_2_, storageroo4_.room_id as room_id2_5_3_, storageroo4_.name as name3_5_3_, storageroo4_.my_museum_museum_id as my_museu5_5_3_, loan5_.loan_id as loan_id1_2_4_, loan5_.artifact_artifact_id as artifact5_2_4_, loan5_.end_date as end_date2_2_4_, loan5_.loan_status as loan_sta3_2_4_, loan5_.loanee_account_id as loanee_a6_2_4_, loan5_.my_museum_museum_id as my_museu7_2_4_, loan5_.start_date as start_da4_2_4_, visitor6_.account_id as account_2_0_5_, visitor6_.email as email3_0_5_, visitor6_.first_name as first_na4_0_5_, visitor6_.last_name as last_nam5_0_5_, visitor6_.password as password6_0_5_, visitor6_.my_museum_museum_id as my_museu9_0_5_, mymuseum7_.museum_id as museum_i1_4_6_, mymuseum7_.address as address2_4_6_, mymuseum7_.price_per_pass as price_pe3_4_6_ from room storageroo0_ left outer join artifact artifacts1_ on storageroo0_.room_id=artifacts1_.room_room_id left outer join my_museum mymuseum2_ on artifacts1_.my_museum_museum_id=mymuseum2_.museum_id left outer join account president3_ on mymuseum2_.museum_id=president3_.my_museum_museum_id and president3_.dtype='President' left outer join room storageroo4_ on mymuseum2_.museum_id=storageroo4_.my_museum_museum_id and storageroo4_.dtype='StorageRoom' left outer join loan loan5_ on artifacts1_.artifact_id=loan5_.artifact_artifact_id left outer join account visitor6_ on loan5_.loanee_account_id=visitor6_.account_id left outer join my_museum mymuseum7_ on loan5_.my_museum_museum_id=mymuseum7_.museum_id where storageroo0_.my_museum_museum_id=? and storageroo0_.dtype='StorageRoom'
Hibernate: select president0_.account_id as account_2_0_7_, president0_.email as email3_0_7_, president0_.first_name as first_na4_0_7_, president0_.last_name as last_nam5_0_7_, president0_.password as password6_0_7_, president0_.hourly_wage as hourly_w7_0_7_, president0_.my_museum_museum_id as my_museu9_0_7_, president0_.over_time_hourly_wage as over_tim8_0_7_, mymuseum1_.museum_id as museum_i1_4_0_, mymuseum1_.address as address2_4_0_, mymuseum1_.price_per_pass as price_pe3_4_0_, storageroo2_.room_id as room_id2_5_1_, storageroo2_.name as name3_5_1_, storageroo2_.my_museum_museum_id as my_museu5_5_1_, artifacts3_.room_room_id as room_roo6_1_9_, artifacts3_.artifact_id as artifact1_1_9_, artifacts3_.artifact_id as artifact1_1_2_, artifacts3_.description as descript2_1_2_, artifacts3_.my_museum_museum_id as my_museu5_1_2_, artifacts3_.name as name3_1_2_, artifacts3_.room_room_id as room_roo6_1_2_, artifacts3_.url as url4_1_2_, mymuseum4_.museum_id as museum_i1_4_3_, mymuseum4_.address as address2_4_3_, mymuseum4_.price_per_pass as price_pe3_4_3_, loan5_.loan_id as loan_id1_2_4_, loan5_.artifact_artifact_id as artifact5_2_4_, loan5_.end_date as end_date2_2_4_, loan5_.loan_status as loan_sta3_2_4_, loan5_.loanee_account_id as loanee_a6_2_4_, loan5_.my_museum_museum_id as my_museu7_2_4_, loan5_.start_date as start_da4_2_4_, visitor6_.account_id as account_2_0_5_, visitor6_.email as email3_0_5_, visitor6_.first_name as first_na4_0_5_, visitor6_.last_name as last_nam5_0_5_, visitor6_.password as password6_0_5_, visitor6_.my_museum_museum_id as my_museu9_0_5_, mymuseum7_.museum_id as museum_i1_4_6_, mymuseum7_.address as address2_4_6_, mymuseum7_.price_per_pass as price_pe3_4_6_ from account president0_ left outer join my_museum mymuseum1_ on president0_.my_museum_museum_id=mymuseum1_.museum_id left outer join room storageroo2_ on mymuseum1_.museum_id=storageroo2_.my_museum_museum_id and storageroo2_.dtype='StorageRoom' left outer join artifact artifacts3_ on storageroo2_.room_id=artifacts3_.room_room_id left outer join my_museum mymuseum4_ on artifacts3_.my_museum_museum_id=mymuseum4_.museum_id left outer join loan loan5_ on artifacts3_.artifact_id=loan5_.artifact_artifact_id left outer join account visitor6_ on loan5_.loanee_account_id=visitor6_.account_id left outer join my_museum mymuseum7_ on loan5_.my_museum_museum_id=mymuseum7_.museum_id where president0_.my_museum_museum_id=? and president0_.dtype='President'
Hibernate: select storageroo0_.room_id as room_id2_5_7_, storageroo0_.name as name3_5_7_, storageroo0_.my_museum_museum_id as my_museu5_5_7_, artifacts1_.room_room_id as room_roo6_1_9_, artifacts1_.artifact_id as artifact1_1_9_, artifacts1_.artifact_id as artifact1_1_0_, artifacts1_.description as descript2_1_0_, artifacts1_.my_museum_museum_id as my_museu5_1_0_, artifacts1_.name as name3_1_0_, artifacts1_.room_room_id as room_roo6_1_0_, artifacts1_.url as url4_1_0_, mymuseum2_.museum_id as museum_i1_4_1_, mymuseum2_.address as address2_4_1_, mymuseum2_.price_per_pass as price_pe3_4_1_, president3_.account_id as account_2_0_2_, president3_.email as email3_0_2_, president3_.first_name as first_na4_0_2_, president3_.last_name as last_nam5_0_2_, president3_.password as password6_0_2_, president3_.hourly_wage as hourly_w7_0_2_, president3_.my_museum_museum_id as my_museu9_0_2_, president3_.over_time_hourly_wage as over_tim8_0_2_, storageroo4_.room_id as room_id2_5_3_, storageroo4_.name as name3_5_3_, storageroo4_.my_museum_museum_id as my_museu5_5_3_, loan5_.loan_id as loan_id1_2_4_, loan5_.artifact_artifact_id as artifact5_2_4_, loan5_.end_date as end_date2_2_4_, loan5_.loan_status as loan_sta3_2_4_, loan5_.loanee_account_id as loanee_a6_2_4_, loan5_.my_museum_museum_id as my_museu7_2_4_, loan5_.start_date as start_da4_2_4_, visitor6_.account_id as account_2_0_5_, visitor6_.email as email3_0_5_, visitor6_.first_name as first_na4_0_5_, visitor6_.last_name as last_nam5_0_5_, visitor6_.password as password6_0_5_, visitor6_.my_museum_museum_id as my_museu9_0_5_, mymuseum7_.museum_id as museum_i1_4_6_, mymuseum7_.address as address2_4_6_, mymuseum7_.price_per_pass as price_pe3_4_6_ from room storageroo0_ left outer join artifact artifacts1_ on storageroo0_.room_id=artifacts1_.room_room_id left outer join my_museum mymuseum2_ on artifacts1_.my_museum_museum_id=mymuseum2_.museum_id left outer join account president3_ on mymuseum2_.museum_id=president3_.my_museum_museum_id and president3_.dtype='President' left outer join room storageroo4_ on mymuseum2_.museum_id=storageroo4_.my_museum_museum_id and storageroo4_.dtype='StorageRoom' left outer join loan loan5_ on artifacts1_.artifact_id=loan5_.artifact_artifact_id left outer join account visitor6_ on loan5_.loanee_account_id=visitor6_.account_id left outer join my_museum mymuseum7_ on loan5_.my_museum_museum_id=mymuseum7_.museum_id where storageroo0_.my_museum_museum_id=? and storageroo0_.dtype='StorageRoom'
Hibernate: select president0_.account_id as account_2_0_7_, president0_.email as email3_0_7_, president0_.first_name as first_na4_0_7_, president0_.last_name as last_nam5_0_7_, president0_.password as password6_0_7_, president0_.hourly_wage as hourly_w7_0_7_, president0_.my_museum_museum_id as my_museu9_0_7_, president0_.over_time_hourly_wage as over_tim8_0_7_, mymuseum1_.museum_id as museum_i1_4_0_, mymuseum1_.address as address2_4_0_, mymuseum1_.price_per_pass as price_pe3_4_0_, storageroo2_.room_id as room_id2_5_1_, storageroo2_.name as name3_5_1_, storageroo2_.my_museum_museum_id as my_museu5_5_1_, artifacts3_.room_room_id as room_roo6_1_9_, artifacts3_.artifact_id as artifact1_1_9_, artifacts3_.artifact_id as artifact1_1_2_, artifacts3_.description as descript2_1_2_, artifacts3_.my_museum_museum_id as my_museu5_1_2_, artifacts3_.name as name3_1_2_, artifacts3_.room_room_id as room_roo6_1_2_, artifacts3_.url as url4_1_2_, mymuseum4_.museum_id as museum_i1_4_3_, mymuseum4_.address as address2_4_3_, mymuseum4_.price_per_pass as price_pe3_4_3_, loan5_.loan_id as loan_id1_2_4_, loan5_.artifact_artifact_id as artifact5_2_4_, loan5_.end_date as end_date2_2_4_, loan5_.loan_status as loan_sta3_2_4_, loan5_.loanee_account_id as loanee_a6_2_4_, loan5_.my_museum_museum_id as my_museu7_2_4_, loan5_.start_date as start_da4_2_4_, visitor6_.account_id as account_2_0_5_, visitor6_.email as email3_0_5_, visitor6_.first_name as first_na4_0_5_, visitor6_.last_name as last_nam5_0_5_, visitor6_.password as password6_0_5_, visitor6_.my_museum_museum_id as my_museu9_0_5_, mymuseum7_.museum_id as museum_i1_4_6_, mymuseum7_.address as address2_4_6_, mymuseum7_.price_per_pass as price_pe3_4_6_ from account president0_ left outer join my_museum mymuseum1_ on president0_.my_museum_museum_id=mymuseum1_.museum_id left outer join room storageroo2_ on mymuseum1_.museum_id=storageroo2_.my_museum_museum_id and storageroo2_.dtype='StorageRoom' left outer join artifact artifacts3_ on storageroo2_.room_id=artifacts3_.room_room_id left outer join my_museum mymuseum4_ on artifacts3_.my_museum_museum_id=mymuseum4_.museum_id left outer join loan loan5_ on artifacts3_.artifact_id=loan5_.artifact_artifact_id left outer join account visitor6_ on loan5_.loanee_account_id=visitor6_.account_id left outer join my_museum mymuseum7_ on loan5_.my_museum_museum_id=mymuseum7_.museum_id where president0_.my_museum_museum_id=? and president0_.dtype='President'
Hibernate: select storageroo0_.room_id as room_id2_5_7_, storageroo0_.name as name3_5_7_, storageroo0_.my_museum_museum_id as my_museu5_5_7_, artifacts1_.room_room_id as room_roo6_1_9_, artifacts1_.artifact_id as artifact1_1_9_, artifacts1_.artifact_id as artifact1_1_0_, artifacts1_.description as descript2_1_0_, artifacts1_.my_museum_museum_id as my_museu5_1_0_, artifacts1_.name as name3_1_0_, artifacts1_.room_room_id as room_roo6_1_0_, artifacts1_.url as url4_1_0_, mymuseum2_.museum_id as museum_i1_4_1_, mymuseum2_.address as address2_4_1_, mymuseum2_.price_per_pass as price_pe3_4_1_, president3_.account_id as account_2_0_2_, president3_.email as email3_0_2_, president3_.first_name as first_na4_0_2_, president3_.last_name as last_nam5_0_2_, president3_.password as password6_0_2_, president3_.hourly_wage as hourly_w7_0_2_, president3_.my_museum_museum_id as my_museu9_0_2_, president3_.over_time_hourly_wage as over_tim8_0_2_, storageroo4_.room_id as room_id2_5_3_, storageroo4_.name as name3_5_3_, storageroo4_.my_museum_museum_id as my_museu5_5_3_, loan5_.loan_id as loan_id1_2_4_, loan5_.artifact_artifact_id as artifact5_2_4_, loan5_.end_date as end_date2_2_4_, loan5_.loan_status as loan_sta3_2_4_, loan5_.loanee_account_id as loanee_a6_2_4_, loan5_.my_museum_museum_id as my_museu7_2_4_, loan5_.start_date as start_da4_2_4_, visitor6_.account_id as account_2_0_5_, visitor6_.email as email3_0_5_, visitor6_.first_name as first_na4_0_5_, visitor6_.last_name as last_nam5_0_5_, visitor6_.password as password6_0_5_, visitor6_.my_museum_museum_id as my_museu9_0_5_, mymuseum7_.museum_id as museum_i1_4_6_, mymuseum7_.address as address2_4_6_, mymuseum7_.price_per_pass as price_pe3_4_6_ from room storageroo0_ left outer join artifact artifacts1_ on storageroo0_.room_id=artifacts1_.room_room_id left outer join my_museum mymuseum2_ on artifacts1_.my_museum_museum_id=mymuseum2_.museum_id left outer join account president3_ on mymuseum2_.museum_id=president3_.my_museum_museum_id and president3_.dtype='President' left outer join room storageroo4_ on mymuseum2_.museum_id=storageroo4_.my_museum_museum_id and storageroo4_.dtype='StorageRoom' left outer join loan loan5_ on artifacts1_.artifact_id=loan5_.artifact_artifact_id left outer join account visitor6_ on loan5_.loanee_account_id=visitor6_.account_id left outer join my_museum mymuseum7_ on loan5_.my_museum_museum_id=mymuseum7_.museum_id where storageroo0_.my_museum_museum_id=? and storageroo0_.dtype='StorageRoom'
Hibernate: select president0_.account_id as account_2_0_7_, president0_.email as email3_0_7_, president0_.first_name as first_na4_0_7_, president0_.last_name as last_nam5_0_7_, president0_.password as password6_0_7_, president0_.hourly_wage as hourly_w7_0_7_, president0_.my_museum_museum_id as my_museu9_0_7_, president0_.over_time_hourly_wage as over_tim8_0_7_, mymuseum1_.museum_id as museum_i1_4_0_, mymuseum1_.address as address2_4_0_, mymuseum1_.price_per_pass as price_pe3_4_0_, storageroo2_.room_id as room_id2_5_1_, storageroo2_.name as name3_5_1_, storageroo2_.my_museum_museum_id as my_museu5_5_1_, artifacts3_.room_room_id as room_roo6_1_9_, artifacts3_.artifact_id as artifact1_1_9_, artifacts3_.artifact_id as artifact1_1_2_, artifacts3_.description as descript2_1_2_, artifacts3_.my_museum_museum_id as my_museu5_1_2_, artifacts3_.name as name3_1_2_, artifacts3_.room_room_id as room_roo6_1_2_, artifacts3_.url as url4_1_2_, mymuseum4_.museum_id as museum_i1_4_3_, mymuseum4_.address as address2_4_3_, mymuseum4_.price_per_pass as price_pe3_4_3_, loan5_.loan_id as loan_id1_2_4_, loan5_.artifact_artifact_id as artifact5_2_4_, loan5_.end_date as end_date2_2_4_, loan5_.loan_status as loan_sta3_2_4_, loan5_.loanee_account_id as loanee_a6_2_4_, loan5_.my_museum_museum_id as my_museu7_2_4_, loan5_.start_date as start_da4_2_4_, visitor6_.account_id as account_2_0_5_, visitor6_.email as email3_0_5_, visitor6_.first_name as first_na4_0_5_, visitor6_.last_name as last_nam5_0_5_, visitor6_.password as password6_0_5_, visitor6_.my_museum_museum_id as my_museu9_0_5_, mymuseum7_.museum_id as museum_i1_4_6_, mymuseum7_.address as address2_4_6_, mymuseum7_.price_per_pass as price_pe3_4_6_ from account president0_ left outer join my_museum mymuseum1_ on president0_.my_museum_museum_id=mymuseum1_.museum_id left outer join room storageroo2_ on mymuseum1_.museum_id=storageroo2_.my_museum_museum_id and storageroo2_.dtype='StorageRoom' left outer join artifact artifacts3_ on storageroo2_.room_id=artifacts3_.room_room_id left outer join my_museum mymuseum4_ on artifacts3_.my_museum_museum_id=mymuseum4_.museum_id left outer join loan loan5_ on artifacts3_.artifact_id=loan5_.artifact_artifact_id left outer join account visitor6_ on loan5_.loanee_account_id=visitor6_.account_id left outer join my_museum mymuseum7_ on loan5_.my_museum_museum_id=mymuseum7_.museum_id where president0_.my_museum_museum_id=? and president0_.dtype='President'
Hibernate: select storageroo0_.room_id as room_id2_5_7_, storageroo0_.name as name3_5_7_, storageroo0_.my_museum_museum_id as my_museu5_5_7_, artifacts1_.room_room_id as room_roo6_1_9_, artifacts1_.artifact_id as artifact1_1_9_, artifacts1_.artifact_id as artifact1_1_0_, artifacts1_.description as descript2_1_0_, artifacts1_.my_museum_museum_id as my_museu5_1_0_, artifacts1_.name as name3_1_0_, artifacts1_.room_room_id as room_roo6_1_0_, artifacts1_.url as url4_1_0_, mymuseum2_.museum_id as museum_i1_4_1_, mymuseum2_.address as address2_4_1_, mymuseum2_.price_per_pass as price_pe3_4_1_, president3_.account_id as account_2_0_2_, president3_.email as email3_0_2_, president3_.first_name as first_na4_0_2_, president3_.last_name as last_nam5_0_2_, president3_.password as password6_0_2_, president3_.hourly_wage as hourly_w7_0_2_, president3_.my_museum_museum_id as my_museu9_0_2_, president3_.over_time_hourly_wage as over_tim8_0_2_, storageroo4_.room_id as room_id2_5_3_, storageroo4_.name as name3_5_3_, storageroo4_.my_museum_museum_id as my_museu5_5_3_, loan5_.loan_id as loan_id1_2_4_, loan5_.artifact_artifact_id as artifact5_2_4_, loan5_.end_date as end_date2_2_4_, loan5_.loan_status as loan_sta3_2_4_, loan5_.loanee_account_id as loanee_a6_2_4_, loan5_.my_museum_museum_id as my_museu7_2_4_, loan5_.start_date as start_da4_2_4_, visitor6_.account_id as account_2_0_5_, visitor6_.email as email3_0_5_, visitor6_.first_name as first_na4_0_5_, visitor6_.last_name as last_nam5_0_5_, visitor6_.password as password6_0_5_, visitor6_.my_museum_museum_id as my_museu9_0_5_, mymuseum7_.museum_id as museum_i1_4_6_, mymuseum7_.address as address2_4_6_, mymuseum7_.price_per_pass as price_pe3_4_6_ from room storageroo0_ left outer join artifact artifacts1_ on storageroo0_.room_id=artifacts1_.room_room_id left outer join my_museum mymuseum2_ on artifacts1_.my_museum_museum_id=mymuseum2_.museum_id left outer join account president3_ on mymuseum2_.museum_id=president3_.my_museum_museum_id and president3_.dtype='President' left outer join room storageroo4_ on mymuseum2_.museum_id=storageroo4_.my_museum_museum_id and storageroo4_.dtype='StorageRoom' left outer join loan loan5_ on artifacts1_.artifact_id=loan5_.artifact_artifact_id left outer join account visitor6_ on loan5_.loanee_account_id=visitor6_.account_id left outer join my_museum mymuseum7_ on loan5_.my_museum_museum_id=mymuseum7_.museum_id where storageroo0_.my_museum_museum_id=? and storageroo0_.dtype='StorageRoom'
Hibernate: select president0_.account_id as account_2_0_7_, president0_.email as email3_0_7_, president0_.first_name as first_na4_0_7_, president0_.last_name as last_nam5_0_7_, president0_.password as password6_0_7_, president0_.hourly_wage as hourly_w7_0_7_, president0_.my_museum_museum_id as my_museu9_0_7_, president0_.over_time_hourly_wage as over_tim8_0_7_, mymuseum1_.museum_id as museum_i1_4_0_, mymuseum1_.address as address2_4_0_, mymuseum1_.price_per_pass as price_pe3_4_0_, storageroo2_.room_id as room_id2_5_1_, storageroo2_.name as name3_5_1_, storageroo2_.my_museum_museum_id as my_museu5_5_1_, artifacts3_.room_room_id as room_roo6_1_9_, artifacts3_.artifact_id as artifact1_1_9_, artifacts3_.artifact_id as artifact1_1_2_, artifacts3_.description as descript2_1_2_, artifacts3_.my_museum_museum_id as my_museu5_1_2_, artifacts3_.name as name3_1_2_, artifacts3_.room_room_id as room_roo6_1_2_, artifacts3_.url as url4_1_2_, mymuseum4_.museum_id as museum_i1_4_3_, mymuseum4_.address as address2_4_3_, mymuseum4_.price_per_pass as price_pe3_4_3_, loan5_.loan_id as loan_id1_2_4_, loan5_.artifact_artifact_id as artifact5_2_4_, loan5_.end_date as end_date2_2_4_, loan5_.loan_status as loan_sta3_2_4_, loan5_.loanee_account_id as loanee_a6_2_4_, loan5_.my_museum_museum_id as my_museu7_2_4_, loan5_.start_date as start_da4_2_4_, visitor6_.account_id as account_2_0_5_, visitor6_.email as email3_0_5_, visitor6_.first_name as first_na4_0_5_, visitor6_.last_name as last_nam5_0_5_, visitor6_.password as password6_0_5_, visitor6_.my_museum_museum_id as my_museu9_0_5_, mymuseum7_.museum_id as museum_i1_4_6_, mymuseum7_.address as address2_4_6_, mymuseum7_.price_per_pass as price_pe3_4_6_ from account president0_ left outer join my_museum mymuseum1_ on president0_.my_museum_museum_id=mymuseum1_.museum_id left outer join room storageroo2_ on mymuseum1_.museum_id=storageroo2_.my_museum_museum_id and storageroo2_.dtype='StorageRoom' left outer join artifact artifacts3_ on storageroo2_.room_id=artifacts3_.room_room_id left outer join my_museum mymuseum4_ on artifacts3_.my_museum_museum_id=mymuseum4_.museum_id left outer join loan loan5_ on artifacts3_.artifact_id=loan5_.artifact_artifact_id left outer join account visitor6_ on loan5_.loanee_account_id=visitor6_.account_id left outer join my_museum mymuseum7_ on loan5_.my_museum_museum_id=mymuseum7_.museum_id where president0_.my_museum_museum_id=? and president0_.dtype='President'
Hibernate: select storageroo0_.room_id as room_id2_5_7_, storageroo0_.name as name3_5_7_, storageroo0_.my_museum_museum_id as my_museu5_5_7_, artifacts1_.room_room_id as room_roo6_1_9_, artifacts1_.artifact_id as artifact1_1_9_, artifacts1_.artifact_id as artifact1_1_0_, artifacts1_.description as descript2_1_0_, artifacts1_.my_museum_museum_id as my_museu5_1_0_, artifacts1_.name as name3_1_0_, artifacts1_.room_room_id as room_roo6_1_0_, artifacts1_.url as url4_1_0_, mymuseum2_.museum_id as museum_i1_4_1_, mymuseum2_.address as address2_4_1_, mymuseum2_.price_per_pass as price_pe3_4_1_, president3_.account_id as account_2_0_2_, president3_.email as email3_0_2_, president3_.first_name as first_na4_0_2_, president3_.last_name as last_nam5_0_2_, president3_.password as password6_0_2_, president3_.hourly_wage as hourly_w7_0_2_, president3_.my_museum_museum_id as my_museu9_0_2_, president3_.over_time_hourly_wage as over_tim8_0_2_, storageroo4_.room_id as room_id2_5_3_, storageroo4_.name as name3_5_3_, storageroo4_.my_museum_museum_id as my_museu5_5_3_, loan5_.loan_id as loan_id1_2_4_, loan5_.artifact_artifact_id as artifact5_2_4_, loan5_.end_date as end_date2_2_4_, loan5_.loan_status as loan_sta3_2_4_, loan5_.loanee_account_id as loanee_a6_2_4_, loan5_.my_museum_museum_id as my_museu7_2_4_, loan5_.start_date as start_da4_2_4_, visitor6_.account_id as account_2_0_5_, visitor6_.email as email3_0_5_, visitor6_.first_name as first_na4_0_5_, visitor6_.last_name as last_nam5_0_5_, visitor6_.password as password6_0_5_, visitor6_.my_museum_museum_id as my_museu9_0_5_, mymuseum7_.museum_id as museum_i1_4_6_, mymuseum7_.address as address2_4_6_, mymuseum7_.price_per_pass as price_pe3_4_6_ from room storageroo0_ left outer join artifact artifacts1_ on storageroo0_.room_id=artifacts1_.room_room_id left outer join my_museum mymuseum2_ on artifacts1_.my_museum_museum_id=mymuseum2_.museum_id left outer join account president3_ on mymuseum2_.museum_id=president3_.my_museum_museum_id and president3_.dtype='President' left outer join room storageroo4_ on mymuseum2_.museum_id=storageroo4_.my_museum_museum_id and storageroo4_.dtype='StorageRoom' left outer join loan loan5_ on artifacts1_.artifact_id=loan5_.artifact_artifact_id left outer join account visitor6_ on loan5_.loanee_account_id=visitor6_.account_id left outer join my_museum mymuseum7_ on loan5_.my_museum_museum_id=mymuseum7_.museum_id where storageroo0_.my_museum_museum_id=? and storageroo0_.dtype='StorageRoom'
Hibernate: select president0_.account_id as account_2_0_7_, president0_.email as email3_0_7_, president0_.first_name as first_na4_0_7_, president0_.last_name as last_nam5_0_7_, president0_.password as password6_0_7_, president0_.hourly_wage as hourly_w7_0_7_, president0_.my_museum_museum_id as my_museu9_0_7_, president0_.over_time_hourly_wage as over_tim8_0_7_, mymuseum1_.museum_id as museum_i1_4_0_, mymuseum1_.address as address2_4_0_, mymuseum1_.price_per_pass as price_pe3_4_0_, storageroo2_.room_id as room_id2_5_1_, storageroo2_.name as name3_5_1_, storageroo2_.my_museum_museum_id as my_museu5_5_1_, artifacts3_.room_room_id as room_roo6_1_9_, artifacts3_.artifact_id as artifact1_1_9_, artifacts3_.artifact_id as artifact1_1_2_, artifacts3_.description as descript2_1_2_, artifacts3_.my_museum_museum_id as my_museu5_1_2_, artifacts3_.name as name3_1_2_, artifacts3_.room_room_id as room_roo6_1_2_, artifacts3_.url as url4_1_2_, mymuseum4_.museum_id as museum_i1_4_3_, mymuseum4_.address as address2_4_3_, mymuseum4_.price_per_pass as price_pe3_4_3_, loan5_.loan_id as loan_id1_2_4_, loan5_.artifact_artifact_id as artifact5_2_4_, loan5_.end_date as end_date2_2_4_, loan5_.loan_status as loan_sta3_2_4_, loan5_.loanee_account_id as loanee_a6_2_4_, loan5_.my_museum_museum_id as my_museu7_2_4_, loan5_.start_date as start_da4_2_4_, visitor6_.account_id as account_2_0_5_, visitor6_.email as email3_0_5_, visitor6_.first_name as first_na4_0_5_, visitor6_.last_name as last_nam5_0_5_, visitor6_.password as password6_0_5_, visitor6_.my_museum_museum_id as my_museu9_0_5_, mymuseum7_.museum_id as museum_i1_4_6_, mymuseum7_.address as address2_4_6_, mymuseum7_.price_per_pass as price_pe3_4_6_ from account president0_ left outer join my_museum mymuseum1_ on president0_.my_museum_museum_id=mymuseum1_.museum_id left outer join room storageroo2_ on mymuseum1_.museum_id=storageroo2_.my_museum_museum_id and storageroo2_.dtype='StorageRoom' left outer join artifact artifacts3_ on storageroo2_.room_id=artifacts3_.room_room_id left outer join my_museum mymuseum4_ on artifacts3_.my_museum_museum_id=mymuseum4_.museum_id left outer join loan loan5_ on artifacts3_.artifact_id=loan5_.artifact_artifact_id left outer join account visitor6_ on loan5_.loanee_account_id=visitor6_.account_id left outer join my_museum mymuseum7_ on loan5_.my_museum_museum_id=mymuseum7_.museum_id where president0_.my_museum_museum_id=? and president0_.dtype='President'
Hibernate: select storageroo0_.room_id as room_id2_5_7_, storageroo0_.name as name3_5_7_, storageroo0_.my_museum_museum_id as my_museu5_5_7_, artifacts1_.room_room_id as room_roo6_1_9_, artifacts1_.artifact_id as artifact1_1_9_, artifacts1_.artifact_id as artifact1_1_0_, artifacts1_.description as descript2_1_0_, artifacts1_.my_museum_museum_id as my_museu5_1_0_, artifacts1_.name as name3_1_0_, artifacts1_.room_room_id as room_roo6_1_0_, artifacts1_.url as url4_1_0_, mymuseum2_.museum_id as museum_i1_4_1_, mymuseum2_.address as address2_4_1_, mymuseum2_.price_per_pass as price_pe3_4_1_, president3_.account_id as account_2_0_2_, president3_.email as email3_0_2_, president3_.first_name as first_na4_0_2_, president3_.last_name as last_nam5_0_2_, president3_.password as password6_0_2_, president3_.hourly_wage as hourly_w7_0_2_, president3_.my_museum_museum_id as my_museu9_0_2_, president3_.over_time_hourly_wage as over_tim8_0_2_, storageroo4_.room_id as room_id2_5_3_, storageroo4_.name as name3_5_3_, storageroo4_.my_museum_museum_id as my_museu5_5_3_, loan5_.loan_id as loan_id1_2_4_, loan5_.artifact_artifact_id as artifact5_2_4_, loan5_.end_date as end_date2_2_4_, loan5_.loan_status as loan_sta3_2_4_, loan5_.loanee_account_id as loanee_a6_2_4_, loan5_.my_museum_museum_id as my_museu7_2_4_, loan5_.start_date as start_da4_2_4_, visitor6_.account_id as account_2_0_5_, visitor6_.email as email3_0_5_, visitor6_.first_name as first_na4_0_5_, visitor6_.last_name as last_nam5_0_5_, visitor6_.password as password6_0_5_, visitor6_.my_museum_museum_id as my_museu9_0_5_, mymuseum7_.museum_id as museum_i1_4_6_, mymuseum7_.address as address2_4_6_, mymuseum7_.price_per_pass as price_pe3_4_6_ from room storageroo0_ left outer join artifact artifacts1_ on storageroo0_.room_id=artifacts1_.room_room_id left outer join my_museum mymuseum2_ on artifacts1_.my_museum_museum_id=mymuseum2_.museum_id left outer join account president3_ on mymuseum2_.museum_id=president3_.my_museum_museum_id and president3_.dtype='President' left outer join room storageroo4_ on mymuseum2_.museum_id=storageroo4_.my_museum_museum_id and storageroo4_.dtype='StorageRoom' left outer join loan loan5_ on artifacts1_.artifact_id=loan5_.artifact_artifact_id left outer join account visitor6_ on loan5_.loanee_account_id=visitor6_.account_id left outer join my_museum mymuseum7_ on loan5_.my_museum_museum_id=mymuseum7_.museum_id where storageroo0_.my_museum_museum_id=? and storageroo0_.dtype='StorageRoom'
Hibernate: delete from my_museum where museum_id=?
Hibernate: delete from my_museum where museum_id=?
Hibernate: delete from my_museum where museum_id=?
Hibernate: delete from my_museum where museum_id=?
Hibernate: delete from my_museum where museum_id=?
Hibernate: delete from my_museum where museum_id=?
Hibernate: delete from my_museum where museum_id=?
Hibernate: delete from my_museum where museum_id=?
Hibernate: delete from my_museum where museum_id=?
Hibernate: delete from my_museum where museum_id=?
Hibernate: delete from my_museum where museum_id=?
Hibernate: delete from my_museum where museum_id=?
Hibernate: delete from my_museum where museum_id=?
Hibernate: delete from my_museum where museum_id=?
Hibernate: delete from my_museum where museum_id=?
]]></system-out>
  <system-err><![CDATA[]]></system-err>
</testsuite>
