<?xml version="1.0" encoding="UTF-8"?>
<testsuite name="Account Service Test" tests="6" skipped="0" failures="0" errors="0" timestamp="2022-11-27T04:26:29" hostname="DESKTOP-DD9SDJD" time="0.06">
  <properties/>
  <testcase name="testFindTargetType()" classname="com.mcgill.mymuseum.service.AccountServiceTest" time="0.019"/>
  <testcase name="testAuthenticate()" classname="com.mcgill.mymuseum.service.AccountServiceTest" time="0.007"/>
  <testcase name="testCreateAccount()" classname="com.mcgill.mymuseum.service.AccountServiceTest" time="0.006"/>
  <testcase name="testIsValidEmail()" classname="com.mcgill.mymuseum.service.AccountServiceTest" time="0.005"/>
  <testcase name="testLoginAccount()" classname="com.mcgill.mymuseum.service.AccountServiceTest" time="0.007"/>
  <testcase name="testFindAccountByID()" classname="com.mcgill.mymuseum.service.AccountServiceTest" time="0.007"/>
  <system-out><![CDATA[2022-11-26 23:26:29.425  INFO 24424 --- [    Test worker] .b.t.c.SpringBootTestContextBootstrapper : Neither @ContextConfiguration nor @ContextHierarchy found for test class [com.mcgill.mymuseum.service.AccountServiceTest], using SpringBootContextLoader
2022-11-26 23:26:29.427  INFO 24424 --- [    Test worker] o.s.t.c.support.AbstractContextLoader    : Could not detect default resource locations for test class [com.mcgill.mymuseum.service.AccountServiceTest]: no resource found for suffixes {-context.xml, Context.groovy}.
2022-11-26 23:26:29.427  INFO 24424 --- [    Test worker] t.c.s.AnnotationConfigContextLoaderUtils : Could not detect default configuration classes for test class [com.mcgill.mymuseum.service.AccountServiceTest]: AccountServiceTest does not declare any static, non-private, non-final, nested classes annotated with @Configuration.
2022-11-26 23:26:29.440  INFO 24424 --- [    Test worker] .b.t.c.SpringBootTestContextBootstrapper : Found @SpringBootConfiguration com.mcgill.mymuseum.MyMuseumApplication for test class com.mcgill.mymuseum.service.AccountServiceTest
2022-11-26 23:26:29.443  INFO 24424 --- [    Test worker] .b.t.c.SpringBootTestContextBootstrapper : Loaded default TestExecutionListener class names from location [META-INF/spring.factories]: [org.springframework.boot.test.autoconfigure.restdocs.RestDocsTestExecutionListener, org.springframework.boot.test.autoconfigure.web.client.MockRestServiceServerResetTestExecutionListener, org.springframework.boot.test.autoconfigure.web.servlet.MockMvcPrintOnlyOnFailureTestExecutionListener, org.springframework.boot.test.autoconfigure.web.servlet.WebDriverTestExecutionListener, org.springframework.boot.test.autoconfigure.webservices.client.MockWebServiceServerTestExecutionListener, org.springframework.boot.test.mock.mockito.MockitoTestExecutionListener, org.springframework.boot.test.mock.mockito.ResetMocksTestExecutionListener, org.springframework.test.context.web.ServletTestExecutionListener, org.springframework.test.context.support.DirtiesContextBeforeModesTestExecutionListener, org.springframework.test.context.event.ApplicationEventsTestExecutionListener, org.springframework.test.context.support.DependencyInjectionTestExecutionListener, org.springframework.test.context.support.DirtiesContextTestExecutionListener, org.springframework.test.context.transaction.TransactionalTestExecutionListener, org.springframework.test.context.jdbc.SqlScriptsTestExecutionListener, org.springframework.test.context.event.EventPublishingTestExecutionListener]
2022-11-26 23:26:29.443  INFO 24424 --- [    Test worker] .b.t.c.SpringBootTestContextBootstrapper : Using TestExecutionListeners: [org.springframework.test.context.web.ServletTestExecutionListener@6314e967, org.springframework.test.context.support.DirtiesContextBeforeModesTestExecutionListener@48611ad4, org.springframework.test.context.event.ApplicationEventsTestExecutionListener@4434eb51, org.springframework.boot.test.mock.mockito.MockitoTestExecutionListener@1d0b4b69, org.springframework.boot.test.autoconfigure.SpringBootDependencyInjectionTestExecutionListener@5910c67e, org.springframework.test.context.support.DirtiesContextTestExecutionListener@1967c032, org.springframework.test.context.transaction.TransactionalTestExecutionListener@7a6ade2c, org.springframework.test.context.jdbc.SqlScriptsTestExecutionListener@3d7d920b, org.springframework.test.context.event.EventPublishingTestExecutionListener@628190ec, org.springframework.boot.test.autoconfigure.restdocs.RestDocsTestExecutionListener@4540aade, org.springframework.boot.test.autoconfigure.web.client.MockRestServiceServerResetTestExecutionListener@697797e4, org.springframework.boot.test.autoconfigure.web.servlet.MockMvcPrintOnlyOnFailureTestExecutionListener@38cbbd0b, org.springframework.boot.test.autoconfigure.web.servlet.WebDriverTestExecutionListener@56a34c0e, org.springframework.boot.test.autoconfigure.webservices.client.MockWebServiceServerTestExecutionListener@16750a5e, org.springframework.boot.test.mock.mockito.ResetMocksTestExecutionListener@436867c3]
]]></system-out>
  <system-err><![CDATA[]]></system-err>
</testsuite>
