<?xml version="1.0" encoding="UTF-8"?>
<testsuite name="com.mcgill.mymuseum.repository.ArtifactRepositoryTest" tests="1" skipped="0" failures="0" errors="0" timestamp="2022-11-27T04:26:29" hostname="DESKTOP-DD9SDJD" time="0.01">
  <properties/>
  <testcase name="testPersistAndLoadArtifact()" classname="com.mcgill.mymuseum.repository.ArtifactRepositoryTest" time="0.01"/>
  <system-out><![CDATA[2022-11-26 23:26:29.205  INFO 24424 --- [    Test worker] .b.t.c.SpringBootTestContextBootstrapper : Neither @ContextConfiguration nor @ContextHierarchy found for test class [com.mcgill.mymuseum.repository.ArtifactRepositoryTest], using SpringBootContextLoader
2022-11-26 23:26:29.206  INFO 24424 --- [    Test worker] o.s.t.c.support.AbstractContextLoader    : Could not detect default resource locations for test class [com.mcgill.mymuseum.repository.ArtifactRepositoryTest]: no resource found for suffixes {-context.xml, Context.groovy}.
2022-11-26 23:26:29.206  INFO 24424 --- [    Test worker] t.c.s.AnnotationConfigContextLoaderUtils : Could not detect default configuration classes for test class [com.mcgill.mymuseum.repository.ArtifactRepositoryTest]: ArtifactRepositoryTest does not declare any static, non-private, non-final, nested classes annotated with @Configuration.
2022-11-26 23:26:29.206  INFO 24424 --- [    Test worker] .b.t.c.SpringBootTestContextBootstrapper : Found @SpringBootConfiguration com.mcgill.mymuseum.MyMuseumApplication for test class com.mcgill.mymuseum.repository.ArtifactRepositoryTest
2022-11-26 23:26:29.207  INFO 24424 --- [    Test worker] .b.t.c.SpringBootTestContextBootstrapper : Loaded default TestExecutionListener class names from location [META-INF/spring.factories]: [org.springframework.boot.test.autoconfigure.restdocs.RestDocsTestExecutionListener, org.springframework.boot.test.autoconfigure.web.client.MockRestServiceServerResetTestExecutionListener, org.springframework.boot.test.autoconfigure.web.servlet.MockMvcPrintOnlyOnFailureTestExecutionListener, org.springframework.boot.test.autoconfigure.web.servlet.WebDriverTestExecutionListener, org.springframework.boot.test.autoconfigure.webservices.client.MockWebServiceServerTestExecutionListener, org.springframework.boot.test.mock.mockito.MockitoTestExecutionListener, org.springframework.boot.test.mock.mockito.ResetMocksTestExecutionListener, org.springframework.test.context.web.ServletTestExecutionListener, org.springframework.test.context.support.DirtiesContextBeforeModesTestExecutionListener, org.springframework.test.context.event.ApplicationEventsTestExecutionListener, org.springframework.test.context.support.DependencyInjectionTestExecutionListener, org.springframework.test.context.support.DirtiesContextTestExecutionListener, org.springframework.test.context.transaction.TransactionalTestExecutionListener, org.springframework.test.context.jdbc.SqlScriptsTestExecutionListener, org.springframework.test.context.event.EventPublishingTestExecutionListener]
2022-11-26 23:26:29.209  INFO 24424 --- [    Test worker] .b.t.c.SpringBootTestContextBootstrapper : Using TestExecutionListeners: [org.springframework.test.context.web.ServletTestExecutionListener@2202e978, org.springframework.test.context.support.DirtiesContextBeforeModesTestExecutionListener@381ed137, org.springframework.test.context.event.ApplicationEventsTestExecutionListener@6eacf3be, org.springframework.boot.test.mock.mockito.MockitoTestExecutionListener@1912ba29, org.springframework.boot.test.autoconfigure.SpringBootDependencyInjectionTestExecutionListener@2c6ed95a, org.springframework.test.context.support.DirtiesContextTestExecutionListener@62b72289, org.springframework.test.context.transaction.TransactionalTestExecutionListener@6b8f1c62, org.springframework.test.context.jdbc.SqlScriptsTestExecutionListener@67c020c8, org.springframework.test.context.event.EventPublishingTestExecutionListener@3d3e9163, org.springframework.boot.test.autoconfigure.restdocs.RestDocsTestExecutionListener@66464f27, org.springframework.boot.test.autoconfigure.web.client.MockRestServiceServerResetTestExecutionListener@75392381, org.springframework.boot.test.autoconfigure.web.servlet.MockMvcPrintOnlyOnFailureTestExecutionListener@13198b8e, org.springframework.boot.test.autoconfigure.web.servlet.WebDriverTestExecutionListener@5ae5a507, org.springframework.boot.test.autoconfigure.webservices.client.MockWebServiceServerTestExecutionListener@e8ef60b, org.springframework.boot.test.mock.mockito.ResetMocksTestExecutionListener@3217e970]
Hibernate: select nextval ('hibernate_sequence')
Hibernate: insert into artifact (description, my_museum_museum_id, name, room_room_id, url, artifact_id) values (?, ?, ?, ?, ?, ?)
Hibernate: select artifact0_.artifact_id as artifact1_1_0_, artifact0_.description as descript2_1_0_, artifact0_.my_museum_museum_id as my_museu5_1_0_, artifact0_.name as name3_1_0_, artifact0_.room_room_id as room_roo6_1_0_, artifact0_.url as url4_1_0_, mymuseum1_.museum_id as museum_i1_4_1_, mymuseum1_.address as address2_4_1_, mymuseum1_.price_per_pass as price_pe3_4_1_, president2_.account_id as account_2_0_2_, president2_.email as email3_0_2_, president2_.first_name as first_na4_0_2_, president2_.last_name as last_nam5_0_2_, president2_.password as password6_0_2_, president2_.hourly_wage as hourly_w7_0_2_, president2_.my_museum_museum_id as my_museu9_0_2_, president2_.over_time_hourly_wage as over_tim8_0_2_, storageroo3_.room_id as room_id2_5_3_, storageroo3_.name as name3_5_3_, storageroo3_.my_museum_museum_id as my_museu5_5_3_, artifacts4_.room_room_id as room_roo6_1_4_, artifacts4_.artifact_id as artifact1_1_4_, artifacts4_.artifact_id as artifact1_1_5_, artifacts4_.description as descript2_1_5_, artifacts4_.my_museum_museum_id as my_museu5_1_5_, artifacts4_.name as name3_1_5_, artifacts4_.room_room_id as room_roo6_1_5_, artifacts4_.url as url4_1_5_, loan5_.loan_id as loan_id1_2_6_, loan5_.artifact_artifact_id as artifact5_2_6_, loan5_.end_date as end_date2_2_6_, loan5_.loan_status as loan_sta3_2_6_, loan5_.loanee_account_id as loanee_a6_2_6_, loan5_.my_museum_museum_id as my_museu7_2_6_, loan5_.start_date as start_da4_2_6_, visitor6_.account_id as account_2_0_7_, visitor6_.email as email3_0_7_, visitor6_.first_name as first_na4_0_7_, visitor6_.last_name as last_nam5_0_7_, visitor6_.password as password6_0_7_, visitor6_.my_museum_museum_id as my_museu9_0_7_, mymuseum7_.museum_id as museum_i1_4_8_, mymuseum7_.address as address2_4_8_, mymuseum7_.price_per_pass as price_pe3_4_8_ from artifact artifact0_ left outer join my_museum mymuseum1_ on artifact0_.my_museum_museum_id=mymuseum1_.museum_id left outer join account president2_ on mymuseum1_.museum_id=president2_.my_museum_museum_id and president2_.dtype='President' left outer join room storageroo3_ on mymuseum1_.museum_id=storageroo3_.my_museum_museum_id and storageroo3_.dtype='StorageRoom' left outer join artifact artifacts4_ on storageroo3_.room_id=artifacts4_.room_room_id left outer join loan loan5_ on artifacts4_.artifact_id=loan5_.artifact_artifact_id left outer join account visitor6_ on loan5_.loanee_account_id=visitor6_.account_id left outer join my_museum mymuseum7_ on loan5_.my_museum_museum_id=mymuseum7_.museum_id where artifact0_.artifact_id=?
Hibernate: select loan0_.loan_id as loan_id1_2_7_, loan0_.artifact_artifact_id as artifact5_2_7_, loan0_.end_date as end_date2_2_7_, loan0_.loan_status as loan_sta3_2_7_, loan0_.loanee_account_id as loanee_a6_2_7_, loan0_.my_museum_museum_id as my_museu7_2_7_, loan0_.start_date as start_da4_2_7_, artifact1_.artifact_id as artifact1_1_0_, artifact1_.description as descript2_1_0_, artifact1_.my_museum_museum_id as my_museu5_1_0_, artifact1_.name as name3_1_0_, artifact1_.room_room_id as room_roo6_1_0_, artifact1_.url as url4_1_0_, mymuseum2_.museum_id as museum_i1_4_1_, mymuseum2_.address as address2_4_1_, mymuseum2_.price_per_pass as price_pe3_4_1_, president3_.account_id as account_2_0_2_, president3_.email as email3_0_2_, president3_.first_name as first_na4_0_2_, president3_.last_name as last_nam5_0_2_, president3_.password as password6_0_2_, president3_.hourly_wage as hourly_w7_0_2_, president3_.my_museum_museum_id as my_museu9_0_2_, president3_.over_time_hourly_wage as over_tim8_0_2_, storageroo4_.room_id as room_id2_5_3_, storageroo4_.name as name3_5_3_, storageroo4_.my_museum_museum_id as my_museu5_5_3_, artifacts5_.room_room_id as room_roo6_1_9_, artifacts5_.artifact_id as artifact1_1_9_, artifacts5_.artifact_id as artifact1_1_4_, artifacts5_.description as descript2_1_4_, artifacts5_.my_museum_museum_id as my_museu5_1_4_, artifacts5_.name as name3_1_4_, artifacts5_.room_room_id as room_roo6_1_4_, artifacts5_.url as url4_1_4_, visitor6_.account_id as account_2_0_5_, visitor6_.email as email3_0_5_, visitor6_.first_name as first_na4_0_5_, visitor6_.last_name as last_nam5_0_5_, visitor6_.password as password6_0_5_, visitor6_.my_museum_museum_id as my_museu9_0_5_, mymuseum7_.museum_id as museum_i1_4_6_, mymuseum7_.address as address2_4_6_, mymuseum7_.price_per_pass as price_pe3_4_6_ from loan loan0_ left outer join artifact artifact1_ on loan0_.artifact_artifact_id=artifact1_.artifact_id left outer join my_museum mymuseum2_ on artifact1_.my_museum_museum_id=mymuseum2_.museum_id left outer join account president3_ on mymuseum2_.museum_id=president3_.my_museum_museum_id and president3_.dtype='President' left outer join room storageroo4_ on mymuseum2_.museum_id=storageroo4_.my_museum_museum_id and storageroo4_.dtype='StorageRoom' left outer join artifact artifacts5_ on storageroo4_.room_id=artifacts5_.room_room_id left outer join account visitor6_ on loan0_.loanee_account_id=visitor6_.account_id left outer join my_museum mymuseum7_ on loan0_.my_museum_museum_id=mymuseum7_.museum_id where loan0_.artifact_artifact_id=?
Hibernate: select artifact0_.artifact_id as artifact1_1_, artifact0_.description as descript2_1_, artifact0_.my_museum_museum_id as my_museu5_1_, artifact0_.name as name3_1_, artifact0_.room_room_id as room_roo6_1_, artifact0_.url as url4_1_ from artifact artifact0_
Hibernate: select loan0_.loan_id as loan_id1_2_7_, loan0_.artifact_artifact_id as artifact5_2_7_, loan0_.end_date as end_date2_2_7_, loan0_.loan_status as loan_sta3_2_7_, loan0_.loanee_account_id as loanee_a6_2_7_, loan0_.my_museum_museum_id as my_museu7_2_7_, loan0_.start_date as start_da4_2_7_, artifact1_.artifact_id as artifact1_1_0_, artifact1_.description as descript2_1_0_, artifact1_.my_museum_museum_id as my_museu5_1_0_, artifact1_.name as name3_1_0_, artifact1_.room_room_id as room_roo6_1_0_, artifact1_.url as url4_1_0_, mymuseum2_.museum_id as museum_i1_4_1_, mymuseum2_.address as address2_4_1_, mymuseum2_.price_per_pass as price_pe3_4_1_, president3_.account_id as account_2_0_2_, president3_.email as email3_0_2_, president3_.first_name as first_na4_0_2_, president3_.last_name as last_nam5_0_2_, president3_.password as password6_0_2_, president3_.hourly_wage as hourly_w7_0_2_, president3_.my_museum_museum_id as my_museu9_0_2_, president3_.over_time_hourly_wage as over_tim8_0_2_, storageroo4_.room_id as room_id2_5_3_, storageroo4_.name as name3_5_3_, storageroo4_.my_museum_museum_id as my_museu5_5_3_, artifacts5_.room_room_id as room_roo6_1_9_, artifacts5_.artifact_id as artifact1_1_9_, artifacts5_.artifact_id as artifact1_1_4_, artifacts5_.description as descript2_1_4_, artifacts5_.my_museum_museum_id as my_museu5_1_4_, artifacts5_.name as name3_1_4_, artifacts5_.room_room_id as room_roo6_1_4_, artifacts5_.url as url4_1_4_, visitor6_.account_id as account_2_0_5_, visitor6_.email as email3_0_5_, visitor6_.first_name as first_na4_0_5_, visitor6_.last_name as last_nam5_0_5_, visitor6_.password as password6_0_5_, visitor6_.my_museum_museum_id as my_museu9_0_5_, mymuseum7_.museum_id as museum_i1_4_6_, mymuseum7_.address as address2_4_6_, mymuseum7_.price_per_pass as price_pe3_4_6_ from loan loan0_ left outer join artifact artifact1_ on loan0_.artifact_artifact_id=artifact1_.artifact_id left outer join my_museum mymuseum2_ on artifact1_.my_museum_museum_id=mymuseum2_.museum_id left outer join account president3_ on mymuseum2_.museum_id=president3_.my_museum_museum_id and president3_.dtype='President' left outer join room storageroo4_ on mymuseum2_.museum_id=storageroo4_.my_museum_museum_id and storageroo4_.dtype='StorageRoom' left outer join artifact artifacts5_ on storageroo4_.room_id=artifacts5_.room_room_id left outer join account visitor6_ on loan0_.loanee_account_id=visitor6_.account_id left outer join my_museum mymuseum7_ on loan0_.my_museum_museum_id=mymuseum7_.museum_id where loan0_.artifact_artifact_id=?
Hibernate: delete from artifact where artifact_id=?
]]></system-out>
  <system-err><![CDATA[]]></system-err>
</testsuite>
