<?xml version="1.0" encoding="UTF-8"?>
<testsuite name="testing getAllArtifacts method" tests="2" skipped="0" failures="0" errors="0" timestamp="2022-11-27T04:26:29" hostname="DESKTOP-DD9SDJD" time="0.002">
  <properties/>
  <testcase name="listIsFull()" classname="com.mcgill.mymuseum.service.ArtifactServiceTest$GetAllArtifacts" time="0.001"/>
  <testcase name="listIsNull()" classname="com.mcgill.mymuseum.service.ArtifactServiceTest$GetAllArtifacts" time="0.001"/>
  <system-out><![CDATA[]]></system-out>
  <system-err><![CDATA[]]></system-err>
</testsuite>
