<?xml version="1.0" encoding="UTF-8"?>
<testsuite name="testing retrieveArtifact method" tests="2" skipped="0" failures="0" errors="0" timestamp="2022-11-27T04:26:29" hostname="DESKTOP-DD9SDJD" time="0.002">
  <properties/>
  <testcase name="should return the artifact with that id" classname="com.mcgill.mymuseum.service.ArtifactServiceTest$RetrieveArtifact" time="0.0"/>
  <testcase name="should throw exception when id does not exist" classname="com.mcgill.mymuseum.service.ArtifactServiceTest$RetrieveArtifact" time="0.002"/>
  <system-out><![CDATA[]]></system-out>
  <system-err><![CDATA[]]></system-err>
</testsuite>
