<?xml version="1.0" encoding="UTF-8"?>
<testsuite name="com.mcgill.mymuseum.service.EmployeeServiceTest" tests="5" skipped="0" failures="0" errors="0" timestamp="2022-11-27T04:26:29" hostname="DESKTOP-DD9SDJD" time="0.063">
  <properties/>
  <testcase name="testRetrieveEmployee()" classname="com.mcgill.mymuseum.service.EmployeeServiceTest" time="0.005"/>
  <testcase name="testRemoveEmployee()" classname="com.mcgill.mymuseum.service.EmployeeServiceTest" time="0.012"/>
  <testcase name="testRegisterEmployee()" classname="com.mcgill.mymuseum.service.EmployeeServiceTest" time="0.018"/>
  <testcase name="testGetWorkDayByDate()" classname="com.mcgill.mymuseum.service.EmployeeServiceTest" time="0.011"/>
  <testcase name="testSetEmployeeSalary()" classname="com.mcgill.mymuseum.service.EmployeeServiceTest" time="0.016"/>
  <system-out><![CDATA[2022-11-26 23:26:29.662  INFO 24424 --- [    Test worker] .b.t.c.SpringBootTestContextBootstrapper : Neither @ContextConfiguration nor @ContextHierarchy found for test class [com.mcgill.mymuseum.service.EmployeeServiceTest], using SpringBootContextLoader
2022-11-26 23:26:29.663  INFO 24424 --- [    Test worker] o.s.t.c.support.AbstractContextLoader    : Could not detect default resource locations for test class [com.mcgill.mymuseum.service.EmployeeServiceTest]: no resource found for suffixes {-context.xml, Context.groovy}.
2022-11-26 23:26:29.663  INFO 24424 --- [    Test worker] t.c.s.AnnotationConfigContextLoaderUtils : Could not detect default configuration classes for test class [com.mcgill.mymuseum.service.EmployeeServiceTest]: EmployeeServiceTest does not declare any static, non-private, non-final, nested classes annotated with @Configuration.
2022-11-26 23:26:29.663  INFO 24424 --- [    Test worker] .b.t.c.SpringBootTestContextBootstrapper : Found @SpringBootConfiguration com.mcgill.mymuseum.MyMuseumApplication for test class com.mcgill.mymuseum.service.EmployeeServiceTest
2022-11-26 23:26:29.664  INFO 24424 --- [    Test worker] .b.t.c.SpringBootTestContextBootstrapper : Loaded default TestExecutionListener class names from location [META-INF/spring.factories]: [org.springframework.boot.test.autoconfigure.restdocs.RestDocsTestExecutionListener, org.springframework.boot.test.autoconfigure.web.client.MockRestServiceServerResetTestExecutionListener, org.springframework.boot.test.autoconfigure.web.servlet.MockMvcPrintOnlyOnFailureTestExecutionListener, org.springframework.boot.test.autoconfigure.web.servlet.WebDriverTestExecutionListener, org.springframework.boot.test.autoconfigure.webservices.client.MockWebServiceServerTestExecutionListener, org.springframework.boot.test.mock.mockito.MockitoTestExecutionListener, org.springframework.boot.test.mock.mockito.ResetMocksTestExecutionListener, org.springframework.test.context.web.ServletTestExecutionListener, org.springframework.test.context.support.DirtiesContextBeforeModesTestExecutionListener, org.springframework.test.context.event.ApplicationEventsTestExecutionListener, org.springframework.test.context.support.DependencyInjectionTestExecutionListener, org.springframework.test.context.support.DirtiesContextTestExecutionListener, org.springframework.test.context.transaction.TransactionalTestExecutionListener, org.springframework.test.context.jdbc.SqlScriptsTestExecutionListener, org.springframework.test.context.event.EventPublishingTestExecutionListener]
2022-11-26 23:26:29.664  INFO 24424 --- [    Test worker] .b.t.c.SpringBootTestContextBootstrapper : Using TestExecutionListeners: [org.springframework.test.context.web.ServletTestExecutionListener@5fb4870b, org.springframework.test.context.support.DirtiesContextBeforeModesTestExecutionListener@4e8036bb, org.springframework.test.context.event.ApplicationEventsTestExecutionListener@7c3b8b26, org.springframework.boot.test.mock.mockito.MockitoTestExecutionListener@5113ab26, org.springframework.boot.test.autoconfigure.SpringBootDependencyInjectionTestExecutionListener@2a64e2d0, org.springframework.test.context.support.DirtiesContextTestExecutionListener@651e3cc9, org.springframework.test.context.transaction.TransactionalTestExecutionListener@45dce9f7, org.springframework.test.context.jdbc.SqlScriptsTestExecutionListener@9da20f1, org.springframework.test.context.event.EventPublishingTestExecutionListener@4a52178, org.springframework.boot.test.autoconfigure.restdocs.RestDocsTestExecutionListener@10c9bd51, org.springframework.boot.test.autoconfigure.web.client.MockRestServiceServerResetTestExecutionListener@32787dee, org.springframework.boot.test.autoconfigure.web.servlet.MockMvcPrintOnlyOnFailureTestExecutionListener@6afd0ef8, org.springframework.boot.test.autoconfigure.web.servlet.WebDriverTestExecutionListener@47fe4c3e, org.springframework.boot.test.autoconfigure.webservices.client.MockWebServiceServerTestExecutionListener@1a8042a5, org.springframework.boot.test.mock.mockito.ResetMocksTestExecutionListener@6be6cb16]
Hibernate: select nextval ('hibernate_sequence')
Hibernate: insert into account (email, first_name, last_name, password, hourly_wage, my_museum_museum_id, over_time_hourly_wage, dtype, account_id) values (?, ?, ?, ?, ?, ?, ?, 'Employee', ?)
Hibernate: select account0_.account_id as account_2_0_0_, account0_.email as email3_0_0_, account0_.first_name as first_na4_0_0_, account0_.last_name as last_nam5_0_0_, account0_.password as password6_0_0_, account0_.hourly_wage as hourly_w7_0_0_, account0_.my_museum_museum_id as my_museu9_0_0_, account0_.over_time_hourly_wage as over_tim8_0_0_, account0_.dtype as dtype1_0_0_, mymuseum1_.museum_id as museum_i1_4_1_, mymuseum1_.address as address2_4_1_, mymuseum1_.price_per_pass as price_pe3_4_1_, storageroo2_.room_id as room_id2_5_2_, storageroo2_.name as name3_5_2_, storageroo2_.my_museum_museum_id as my_museu5_5_2_, artifacts3_.room_room_id as room_roo6_1_3_, artifacts3_.artifact_id as artifact1_1_3_, artifacts3_.artifact_id as artifact1_1_4_, artifacts3_.description as descript2_1_4_, artifacts3_.my_museum_museum_id as my_museu5_1_4_, artifacts3_.name as name3_1_4_, artifacts3_.room_room_id as room_roo6_1_4_, artifacts3_.url as url4_1_4_, mymuseum4_.museum_id as museum_i1_4_5_, mymuseum4_.address as address2_4_5_, mymuseum4_.price_per_pass as price_pe3_4_5_, loan5_.loan_id as loan_id1_2_6_, loan5_.artifact_artifact_id as artifact5_2_6_, loan5_.end_date as end_date2_2_6_, loan5_.loan_status as loan_sta3_2_6_, loan5_.loanee_account_id as loanee_a6_2_6_, loan5_.my_museum_museum_id as my_museu7_2_6_, loan5_.start_date as start_da4_2_6_, visitor6_.account_id as account_2_0_7_, visitor6_.email as email3_0_7_, visitor6_.first_name as first_na4_0_7_, visitor6_.last_name as last_nam5_0_7_, visitor6_.password as password6_0_7_, visitor6_.my_museum_museum_id as my_museu9_0_7_, mymuseum7_.museum_id as museum_i1_4_8_, mymuseum7_.address as address2_4_8_, mymuseum7_.price_per_pass as price_pe3_4_8_ from account account0_ left outer join my_museum mymuseum1_ on account0_.my_museum_museum_id=mymuseum1_.museum_id left outer join room storageroo2_ on mymuseum1_.museum_id=storageroo2_.my_museum_museum_id and storageroo2_.dtype='StorageRoom' left outer join artifact artifacts3_ on storageroo2_.room_id=artifacts3_.room_room_id left outer join my_museum mymuseum4_ on artifacts3_.my_museum_museum_id=mymuseum4_.museum_id left outer join loan loan5_ on artifacts3_.artifact_id=loan5_.artifact_artifact_id left outer join account visitor6_ on loan5_.loanee_account_id=visitor6_.account_id left outer join my_museum mymuseum7_ on loan5_.my_museum_museum_id=mymuseum7_.museum_id where account0_.account_id=?
Hibernate: select account0_.account_id as account_2_0_, account0_.email as email3_0_, account0_.first_name as first_na4_0_, account0_.last_name as last_nam5_0_, account0_.password as password6_0_, account0_.hourly_wage as hourly_w7_0_, account0_.my_museum_museum_id as my_museu9_0_, account0_.over_time_hourly_wage as over_tim8_0_, account0_.dtype as dtype1_0_ from account account0_
Hibernate: delete from account where account_id=?
Hibernate: select nextval ('hibernate_sequence')
Hibernate: insert into account (email, first_name, last_name, password, hourly_wage, my_museum_museum_id, over_time_hourly_wage, dtype, account_id) values (?, ?, ?, ?, ?, ?, ?, 'Employee', ?)
Hibernate: select account0_.account_id as account_2_0_0_, account0_.email as email3_0_0_, account0_.first_name as first_na4_0_0_, account0_.last_name as last_nam5_0_0_, account0_.password as password6_0_0_, account0_.hourly_wage as hourly_w7_0_0_, account0_.my_museum_museum_id as my_museu9_0_0_, account0_.over_time_hourly_wage as over_tim8_0_0_, account0_.dtype as dtype1_0_0_, mymuseum1_.museum_id as museum_i1_4_1_, mymuseum1_.address as address2_4_1_, mymuseum1_.price_per_pass as price_pe3_4_1_, storageroo2_.room_id as room_id2_5_2_, storageroo2_.name as name3_5_2_, storageroo2_.my_museum_museum_id as my_museu5_5_2_, artifacts3_.room_room_id as room_roo6_1_3_, artifacts3_.artifact_id as artifact1_1_3_, artifacts3_.artifact_id as artifact1_1_4_, artifacts3_.description as descript2_1_4_, artifacts3_.my_museum_museum_id as my_museu5_1_4_, artifacts3_.name as name3_1_4_, artifacts3_.room_room_id as room_roo6_1_4_, artifacts3_.url as url4_1_4_, mymuseum4_.museum_id as museum_i1_4_5_, mymuseum4_.address as address2_4_5_, mymuseum4_.price_per_pass as price_pe3_4_5_, loan5_.loan_id as loan_id1_2_6_, loan5_.artifact_artifact_id as artifact5_2_6_, loan5_.end_date as end_date2_2_6_, loan5_.loan_status as loan_sta3_2_6_, loan5_.loanee_account_id as loanee_a6_2_6_, loan5_.my_museum_museum_id as my_museu7_2_6_, loan5_.start_date as start_da4_2_6_, visitor6_.account_id as account_2_0_7_, visitor6_.email as email3_0_7_, visitor6_.first_name as first_na4_0_7_, visitor6_.last_name as last_nam5_0_7_, visitor6_.password as password6_0_7_, visitor6_.my_museum_museum_id as my_museu9_0_7_, mymuseum7_.museum_id as museum_i1_4_8_, mymuseum7_.address as address2_4_8_, mymuseum7_.price_per_pass as price_pe3_4_8_ from account account0_ left outer join my_museum mymuseum1_ on account0_.my_museum_museum_id=mymuseum1_.museum_id left outer join room storageroo2_ on mymuseum1_.museum_id=storageroo2_.my_museum_museum_id and storageroo2_.dtype='StorageRoom' left outer join artifact artifacts3_ on storageroo2_.room_id=artifacts3_.room_room_id left outer join my_museum mymuseum4_ on artifacts3_.my_museum_museum_id=mymuseum4_.museum_id left outer join loan loan5_ on artifacts3_.artifact_id=loan5_.artifact_artifact_id left outer join account visitor6_ on loan5_.loanee_account_id=visitor6_.account_id left outer join my_museum mymuseum7_ on loan5_.my_museum_museum_id=mymuseum7_.museum_id where account0_.account_id=?
Hibernate: delete from account where account_id=?
Hibernate: select account0_.account_id as account_2_0_, account0_.email as email3_0_, account0_.first_name as first_na4_0_, account0_.last_name as last_nam5_0_, account0_.password as password6_0_, account0_.hourly_wage as hourly_w7_0_, account0_.my_museum_museum_id as my_museu9_0_, account0_.over_time_hourly_wage as over_tim8_0_, account0_.dtype as dtype1_0_ from account account0_
Hibernate: select account0_.account_id as account_2_0_, account0_.email as email3_0_, account0_.first_name as first_na4_0_, account0_.last_name as last_nam5_0_, account0_.password as password6_0_, account0_.hourly_wage as hourly_w7_0_, account0_.my_museum_museum_id as my_museu9_0_, account0_.over_time_hourly_wage as over_tim8_0_, account0_.dtype as dtype1_0_ from account account0_
Hibernate: select nextval ('hibernate_sequence')
Hibernate: insert into account (email, first_name, last_name, password, hourly_wage, my_museum_museum_id, over_time_hourly_wage, dtype, account_id) values (?, ?, ?, ?, ?, ?, ?, 'Employee', ?)
Hibernate: select account0_.account_id as account_2_0_0_, account0_.email as email3_0_0_, account0_.first_name as first_na4_0_0_, account0_.last_name as last_nam5_0_0_, account0_.password as password6_0_0_, account0_.hourly_wage as hourly_w7_0_0_, account0_.my_museum_museum_id as my_museu9_0_0_, account0_.over_time_hourly_wage as over_tim8_0_0_, account0_.dtype as dtype1_0_0_, mymuseum1_.museum_id as museum_i1_4_1_, mymuseum1_.address as address2_4_1_, mymuseum1_.price_per_pass as price_pe3_4_1_, storageroo2_.room_id as room_id2_5_2_, storageroo2_.name as name3_5_2_, storageroo2_.my_museum_museum_id as my_museu5_5_2_, artifacts3_.room_room_id as room_roo6_1_3_, artifacts3_.artifact_id as artifact1_1_3_, artifacts3_.artifact_id as artifact1_1_4_, artifacts3_.description as descript2_1_4_, artifacts3_.my_museum_museum_id as my_museu5_1_4_, artifacts3_.name as name3_1_4_, artifacts3_.room_room_id as room_roo6_1_4_, artifacts3_.url as url4_1_4_, mymuseum4_.museum_id as museum_i1_4_5_, mymuseum4_.address as address2_4_5_, mymuseum4_.price_per_pass as price_pe3_4_5_, loan5_.loan_id as loan_id1_2_6_, loan5_.artifact_artifact_id as artifact5_2_6_, loan5_.end_date as end_date2_2_6_, loan5_.loan_status as loan_sta3_2_6_, loan5_.loanee_account_id as loanee_a6_2_6_, loan5_.my_museum_museum_id as my_museu7_2_6_, loan5_.start_date as start_da4_2_6_, visitor6_.account_id as account_2_0_7_, visitor6_.email as email3_0_7_, visitor6_.first_name as first_na4_0_7_, visitor6_.last_name as last_nam5_0_7_, visitor6_.password as password6_0_7_, visitor6_.my_museum_museum_id as my_museu9_0_7_, mymuseum7_.museum_id as museum_i1_4_8_, mymuseum7_.address as address2_4_8_, mymuseum7_.price_per_pass as price_pe3_4_8_ from account account0_ left outer join my_museum mymuseum1_ on account0_.my_museum_museum_id=mymuseum1_.museum_id left outer join room storageroo2_ on mymuseum1_.museum_id=storageroo2_.my_museum_museum_id and storageroo2_.dtype='StorageRoom' left outer join artifact artifacts3_ on storageroo2_.room_id=artifacts3_.room_room_id left outer join my_museum mymuseum4_ on artifacts3_.my_museum_museum_id=mymuseum4_.museum_id left outer join loan loan5_ on artifacts3_.artifact_id=loan5_.artifact_artifact_id left outer join account visitor6_ on loan5_.loanee_account_id=visitor6_.account_id left outer join my_museum mymuseum7_ on loan5_.my_museum_museum_id=mymuseum7_.museum_id where account0_.account_id=?
com.mcgill.mymuseum.model.Employee@538c90bf[email:test@email.com,password:password][hourlyWage:0.0,overTimeHourlyWage:0.0]
  myMuseum = null
Hibernate: select account0_.account_id as account_2_0_0_, account0_.email as email3_0_0_, account0_.first_name as first_na4_0_0_, account0_.last_name as last_nam5_0_0_, account0_.password as password6_0_0_, account0_.hourly_wage as hourly_w7_0_0_, account0_.my_museum_museum_id as my_museu9_0_0_, account0_.over_time_hourly_wage as over_tim8_0_0_, account0_.dtype as dtype1_0_0_, mymuseum1_.museum_id as museum_i1_4_1_, mymuseum1_.address as address2_4_1_, mymuseum1_.price_per_pass as price_pe3_4_1_, storageroo2_.room_id as room_id2_5_2_, storageroo2_.name as name3_5_2_, storageroo2_.my_museum_museum_id as my_museu5_5_2_, artifacts3_.room_room_id as room_roo6_1_3_, artifacts3_.artifact_id as artifact1_1_3_, artifacts3_.artifact_id as artifact1_1_4_, artifacts3_.description as descript2_1_4_, artifacts3_.my_museum_museum_id as my_museu5_1_4_, artifacts3_.name as name3_1_4_, artifacts3_.room_room_id as room_roo6_1_4_, artifacts3_.url as url4_1_4_, mymuseum4_.museum_id as museum_i1_4_5_, mymuseum4_.address as address2_4_5_, mymuseum4_.price_per_pass as price_pe3_4_5_, loan5_.loan_id as loan_id1_2_6_, loan5_.artifact_artifact_id as artifact5_2_6_, loan5_.end_date as end_date2_2_6_, loan5_.loan_status as loan_sta3_2_6_, loan5_.loanee_account_id as loanee_a6_2_6_, loan5_.my_museum_museum_id as my_museu7_2_6_, loan5_.start_date as start_da4_2_6_, visitor6_.account_id as account_2_0_7_, visitor6_.email as email3_0_7_, visitor6_.first_name as first_na4_0_7_, visitor6_.last_name as last_nam5_0_7_, visitor6_.password as password6_0_7_, visitor6_.my_museum_museum_id as my_museu9_0_7_, mymuseum7_.museum_id as museum_i1_4_8_, mymuseum7_.address as address2_4_8_, mymuseum7_.price_per_pass as price_pe3_4_8_ from account account0_ left outer join my_museum mymuseum1_ on account0_.my_museum_museum_id=mymuseum1_.museum_id left outer join room storageroo2_ on mymuseum1_.museum_id=storageroo2_.my_museum_museum_id and storageroo2_.dtype='StorageRoom' left outer join artifact artifacts3_ on storageroo2_.room_id=artifacts3_.room_room_id left outer join my_museum mymuseum4_ on artifacts3_.my_museum_museum_id=mymuseum4_.museum_id left outer join loan loan5_ on artifacts3_.artifact_id=loan5_.artifact_artifact_id left outer join account visitor6_ on loan5_.loanee_account_id=visitor6_.account_id left outer join my_museum mymuseum7_ on loan5_.my_museum_museum_id=mymuseum7_.museum_id where account0_.account_id=?
Hibernate: select account0_.account_id as account_2_0_0_, account0_.email as email3_0_0_, account0_.first_name as first_na4_0_0_, account0_.last_name as last_nam5_0_0_, account0_.password as password6_0_0_, account0_.hourly_wage as hourly_w7_0_0_, account0_.my_museum_museum_id as my_museu9_0_0_, account0_.over_time_hourly_wage as over_tim8_0_0_, account0_.dtype as dtype1_0_0_, mymuseum1_.museum_id as museum_i1_4_1_, mymuseum1_.address as address2_4_1_, mymuseum1_.price_per_pass as price_pe3_4_1_, storageroo2_.room_id as room_id2_5_2_, storageroo2_.name as name3_5_2_, storageroo2_.my_museum_museum_id as my_museu5_5_2_, artifacts3_.room_room_id as room_roo6_1_3_, artifacts3_.artifact_id as artifact1_1_3_, artifacts3_.artifact_id as artifact1_1_4_, artifacts3_.description as descript2_1_4_, artifacts3_.my_museum_museum_id as my_museu5_1_4_, artifacts3_.name as name3_1_4_, artifacts3_.room_room_id as room_roo6_1_4_, artifacts3_.url as url4_1_4_, mymuseum4_.museum_id as museum_i1_4_5_, mymuseum4_.address as address2_4_5_, mymuseum4_.price_per_pass as price_pe3_4_5_, loan5_.loan_id as loan_id1_2_6_, loan5_.artifact_artifact_id as artifact5_2_6_, loan5_.end_date as end_date2_2_6_, loan5_.loan_status as loan_sta3_2_6_, loan5_.loanee_account_id as loanee_a6_2_6_, loan5_.my_museum_museum_id as my_museu7_2_6_, loan5_.start_date as start_da4_2_6_, visitor6_.account_id as account_2_0_7_, visitor6_.email as email3_0_7_, visitor6_.first_name as first_na4_0_7_, visitor6_.last_name as last_nam5_0_7_, visitor6_.password as password6_0_7_, visitor6_.my_museum_museum_id as my_museu9_0_7_, mymuseum7_.museum_id as museum_i1_4_8_, mymuseum7_.address as address2_4_8_, mymuseum7_.price_per_pass as price_pe3_4_8_ from account account0_ left outer join my_museum mymuseum1_ on account0_.my_museum_museum_id=mymuseum1_.museum_id left outer join room storageroo2_ on mymuseum1_.museum_id=storageroo2_.my_museum_museum_id and storageroo2_.dtype='StorageRoom' left outer join artifact artifacts3_ on storageroo2_.room_id=artifacts3_.room_room_id left outer join my_museum mymuseum4_ on artifacts3_.my_museum_museum_id=mymuseum4_.museum_id left outer join loan loan5_ on artifacts3_.artifact_id=loan5_.artifact_artifact_id left outer join account visitor6_ on loan5_.loanee_account_id=visitor6_.account_id left outer join my_museum mymuseum7_ on loan5_.my_museum_museum_id=mymuseum7_.museum_id where account0_.account_id=?
Hibernate: select account0_.account_id as account_2_0_, account0_.email as email3_0_, account0_.first_name as first_na4_0_, account0_.last_name as last_nam5_0_, account0_.password as password6_0_, account0_.hourly_wage as hourly_w7_0_, account0_.my_museum_museum_id as my_museu9_0_, account0_.over_time_hourly_wage as over_tim8_0_, account0_.dtype as dtype1_0_ from account account0_
Hibernate: delete from account where account_id=?
Hibernate: select nextval ('hibernate_sequence')
Hibernate: select nextval ('hibernate_sequence')
Hibernate: insert into my_museum (address, price_per_pass, museum_id) values (?, ?, ?)
Hibernate: insert into account (email, first_name, last_name, password, hourly_wage, my_museum_museum_id, over_time_hourly_wage, dtype, account_id) values (?, ?, ?, ?, ?, ?, ?, 'Employee', ?)
Hibernate: select workday0_.id as id1_6_, workday0_.day as day2_6_, workday0_.employee_account_id as employee5_6_, workday0_.end_time as end_time3_6_, workday0_.museum_museum_id as museum_m6_6_, workday0_.my_museum_museum_id as my_museu7_6_, workday0_.start_time as start_ti4_6_ from work_day workday0_ left outer join account employee1_ on workday0_.employee_account_id=employee1_.account_id where workday0_.day=? and employee1_.account_id=?
Hibernate: select account0_.account_id as account_2_0_, account0_.email as email3_0_, account0_.first_name as first_na4_0_, account0_.last_name as last_nam5_0_, account0_.password as password6_0_, account0_.hourly_wage as hourly_w7_0_, account0_.my_museum_museum_id as my_museu9_0_, account0_.over_time_hourly_wage as over_tim8_0_, account0_.dtype as dtype1_0_ from account account0_
Hibernate: select mymuseum0_.museum_id as museum_i1_4_0_, mymuseum0_.address as address2_4_0_, mymuseum0_.price_per_pass as price_pe3_4_0_, president1_.account_id as account_2_0_1_, president1_.email as email3_0_1_, president1_.first_name as first_na4_0_1_, president1_.last_name as last_nam5_0_1_, president1_.password as password6_0_1_, president1_.hourly_wage as hourly_w7_0_1_, president1_.my_museum_museum_id as my_museu9_0_1_, president1_.over_time_hourly_wage as over_tim8_0_1_, storageroo2_.room_id as room_id2_5_2_, storageroo2_.name as name3_5_2_, storageroo2_.my_museum_museum_id as my_museu5_5_2_, artifacts3_.room_room_id as room_roo6_1_3_, artifacts3_.artifact_id as artifact1_1_3_, artifacts3_.artifact_id as artifact1_1_4_, artifacts3_.description as descript2_1_4_, artifacts3_.my_museum_museum_id as my_museu5_1_4_, artifacts3_.name as name3_1_4_, artifacts3_.room_room_id as room_roo6_1_4_, artifacts3_.url as url4_1_4_, mymuseum4_.museum_id as museum_i1_4_5_, mymuseum4_.address as address2_4_5_, mymuseum4_.price_per_pass as price_pe3_4_5_, loan5_.loan_id as loan_id1_2_6_, loan5_.artifact_artifact_id as artifact5_2_6_, loan5_.end_date as end_date2_2_6_, loan5_.loan_status as loan_sta3_2_6_, loan5_.loanee_account_id as loanee_a6_2_6_, loan5_.my_museum_museum_id as my_museu7_2_6_, loan5_.start_date as start_da4_2_6_, visitor6_.account_id as account_2_0_7_, visitor6_.email as email3_0_7_, visitor6_.first_name as first_na4_0_7_, visitor6_.last_name as last_nam5_0_7_, visitor6_.password as password6_0_7_, visitor6_.my_museum_museum_id as my_museu9_0_7_, mymuseum7_.museum_id as museum_i1_4_8_, mymuseum7_.address as address2_4_8_, mymuseum7_.price_per_pass as price_pe3_4_8_ from my_museum mymuseum0_ left outer join account president1_ on mymuseum0_.museum_id=president1_.my_museum_museum_id and president1_.dtype='President' left outer join room storageroo2_ on mymuseum0_.museum_id=storageroo2_.my_museum_museum_id and storageroo2_.dtype='StorageRoom' left outer join artifact artifacts3_ on storageroo2_.room_id=artifacts3_.room_room_id left outer join my_museum mymuseum4_ on artifacts3_.my_museum_museum_id=mymuseum4_.museum_id left outer join loan loan5_ on artifacts3_.artifact_id=loan5_.artifact_artifact_id left outer join account visitor6_ on loan5_.loanee_account_id=visitor6_.account_id left outer join my_museum mymuseum7_ on loan5_.my_museum_museum_id=mymuseum7_.museum_id where mymuseum0_.museum_id=?
Hibernate: delete from account where account_id=?
Hibernate: select nextval ('hibernate_sequence')
Hibernate: insert into account (email, first_name, last_name, password, hourly_wage, my_museum_museum_id, over_time_hourly_wage, dtype, account_id) values (?, ?, ?, ?, ?, ?, ?, 'President', ?)
Hibernate: select nextval ('hibernate_sequence')
Hibernate: insert into account (email, first_name, last_name, password, hourly_wage, my_museum_museum_id, over_time_hourly_wage, dtype, account_id) values (?, ?, ?, ?, ?, ?, ?, 'Employee', ?)
Hibernate: select employee0_.account_id as account_2_0_0_, employee0_.email as email3_0_0_, employee0_.first_name as first_na4_0_0_, employee0_.last_name as last_nam5_0_0_, employee0_.password as password6_0_0_, employee0_.hourly_wage as hourly_w7_0_0_, employee0_.my_museum_museum_id as my_museu9_0_0_, employee0_.over_time_hourly_wage as over_tim8_0_0_, employee0_.dtype as dtype1_0_0_, mymuseum1_.museum_id as museum_i1_4_1_, mymuseum1_.address as address2_4_1_, mymuseum1_.price_per_pass as price_pe3_4_1_, storageroo2_.room_id as room_id2_5_2_, storageroo2_.name as name3_5_2_, storageroo2_.my_museum_museum_id as my_museu5_5_2_, artifacts3_.room_room_id as room_roo6_1_3_, artifacts3_.artifact_id as artifact1_1_3_, artifacts3_.artifact_id as artifact1_1_4_, artifacts3_.description as descript2_1_4_, artifacts3_.my_museum_museum_id as my_museu5_1_4_, artifacts3_.name as name3_1_4_, artifacts3_.room_room_id as room_roo6_1_4_, artifacts3_.url as url4_1_4_, mymuseum4_.museum_id as museum_i1_4_5_, mymuseum4_.address as address2_4_5_, mymuseum4_.price_per_pass as price_pe3_4_5_, loan5_.loan_id as loan_id1_2_6_, loan5_.artifact_artifact_id as artifact5_2_6_, loan5_.end_date as end_date2_2_6_, loan5_.loan_status as loan_sta3_2_6_, loan5_.loanee_account_id as loanee_a6_2_6_, loan5_.my_museum_museum_id as my_museu7_2_6_, loan5_.start_date as start_da4_2_6_, visitor6_.account_id as account_2_0_7_, visitor6_.email as email3_0_7_, visitor6_.first_name as first_na4_0_7_, visitor6_.last_name as last_nam5_0_7_, visitor6_.password as password6_0_7_, visitor6_.my_museum_museum_id as my_museu9_0_7_, mymuseum7_.museum_id as museum_i1_4_8_, mymuseum7_.address as address2_4_8_, mymuseum7_.price_per_pass as price_pe3_4_8_ from account employee0_ left outer join my_museum mymuseum1_ on employee0_.my_museum_museum_id=mymuseum1_.museum_id left outer join room storageroo2_ on mymuseum1_.museum_id=storageroo2_.my_museum_museum_id and storageroo2_.dtype='StorageRoom' left outer join artifact artifacts3_ on storageroo2_.room_id=artifacts3_.room_room_id left outer join my_museum mymuseum4_ on artifacts3_.my_museum_museum_id=mymuseum4_.museum_id left outer join loan loan5_ on artifacts3_.artifact_id=loan5_.artifact_artifact_id left outer join account visitor6_ on loan5_.loanee_account_id=visitor6_.account_id left outer join my_museum mymuseum7_ on loan5_.my_museum_museum_id=mymuseum7_.museum_id where employee0_.account_id=? and employee0_.dtype in ('Employee', 'President')
Hibernate: update account set email=?, first_name=?, last_name=?, password=?, hourly_wage=?, my_museum_museum_id=?, over_time_hourly_wage=? where account_id=?
Hibernate: select account0_.account_id as account_2_0_, account0_.email as email3_0_, account0_.first_name as first_na4_0_, account0_.last_name as last_nam5_0_, account0_.password as password6_0_, account0_.hourly_wage as hourly_w7_0_, account0_.my_museum_museum_id as my_museu9_0_, account0_.over_time_hourly_wage as over_tim8_0_, account0_.dtype as dtype1_0_ from account account0_
Hibernate: delete from account where account_id=?
Hibernate: delete from account where account_id=?
]]></system-out>
  <system-err><![CDATA[]]></system-err>
</testsuite>
