<?xml version="1.0" encoding="UTF-8"?>
<testsuite name="testing saveArtifact method" tests="2" skipped="0" failures="0" errors="0" timestamp="2022-11-27T04:26:29" hostname="DESKTOP-DD9SDJD" time="0.005">
  <properties/>
  <testcase name="saving artifact successfully" classname="com.mcgill.mymuseum.service.ArtifactServiceTest$SaveArtifact" time="0.004"/>
  <testcase name="trying to save a null artifact" classname="com.mcgill.mymuseum.service.ArtifactServiceTest$SaveArtifact" time="0.001"/>
  <system-out><![CDATA[]]></system-out>
  <system-err><![CDATA[]]></system-err>
</testsuite>
