<?xml version="1.0" encoding="UTF-8"?>
<testsuite name="test get workDay by Date" tests="2" skipped="0" failures="0" errors="0" timestamp="2022-11-27T04:26:29" hostname="DESKTOP-DD9SDJD" time="0.002">
  <properties/>
  <testcase name="workDayDoesntExist()" classname="com.mcgill.mymuseum.service.EmployeeServiceTestSchedule$GetWorkDayByDate" time="0.0"/>
  <testcase name="workDayExists()" classname="com.mcgill.mymuseum.service.EmployeeServiceTestSchedule$GetWorkDayByDate" time="0.001"/>
  <system-out><![CDATA[]]></system-out>
  <system-err><![CDATA[]]></system-err>
</testsuite>
