<?xml version="1.0" encoding="UTF-8"?>
<testsuite name="testing getManyArtifacts method" tests="4" skipped="0" failures="0" errors="0" timestamp="2022-11-27T04:26:29" hostname="DESKTOP-DD9SDJD" time="0.013">
  <properties/>
  <testcase name="moreThan50Artifacts()" classname="com.mcgill.mymuseum.service.ArtifactServiceTest$GetManyArtifacts" time="0.01"/>
  <testcase name="lessThan50Artifacts()" classname="com.mcgill.mymuseum.service.ArtifactServiceTest$GetManyArtifacts" time="0.001"/>
  <testcase name="moreThan50ArtifactsSecondPage()" classname="com.mcgill.mymuseum.service.ArtifactServiceTest$GetManyArtifacts" time="0.0"/>
  <testcase name="noArtifacts()" classname="com.mcgill.mymuseum.service.ArtifactServiceTest$GetManyArtifacts" time="0.001"/>
  <system-out><![CDATA[]]></system-out>
  <system-err><![CDATA[]]></system-err>
</testsuite>
